Using pre-set license
Built from '2020.3/staging' branch; Version is '2020.3.33f1 (915a7af8b0d5) revision 9525882'; Using compiler version '192528614'; Build Type 'Release'
OS: 'Windows 10  (10.0.19043) 64bit Core' Language: 'en' Physical Memory: 16305 MB
BatchMode: 1, IsHumanControllingUs: 0, StartBugReporterOnCrash: 0, Is64bit: 1, IsPro: 0

COMMAND LINE ARGUMENTS:
C:\Program Files\Unity\Hub\Editor\2020.3.33f1\Editor\Unity.exe
-adb2
-batchMode
-noUpm
-name
AssetImportWorker0
-projectPath
C:/Users/jojoh/OneDrive/Desktop/Unlucky-Adventures/My project
-logFile
Logs/AssetImportWorker0.log
-srvPort
57110
Successfully changed project path to: C:/Users/jojoh/OneDrive/Desktop/Unlucky-Adventures/My project
C:/Users/jojoh/OneDrive/Desktop/Unlucky-Adventures/My project
Using Asset Import Pipeline V2.
Refreshing native plugins compatible for Editor in 46.62 ms, found 3 plugins.
Preloading 0 native plugins for Editor in 0.00 ms.
Initialize engine version: 2020.3.33f1 (915a7af8b0d5)
[Subsystems] Discovering subsystems at path C:/Program Files/Unity/Hub/Editor/2020.3.33f1/Editor/Data/Resources/UnitySubsystems
[Subsystems] Discovering subsystems at path C:/Users/jojoh/OneDrive/Desktop/Unlucky-Adventures/My project/Assets
GfxDevice: creating device client; threaded=0
Direct3D:
    Version:  Direct3D 11.0 [level 11.1]
    Renderer: NVIDIA GeForce RTX 3060 Ti (ID=0x2489)
    Vendor:   
    VRAM:     8050 MB
    Driver:   30.0.14.7168
Initialize mono
Mono path[0] = 'C:/Program Files/Unity/Hub/Editor/2020.3.33f1/Editor/Data/Managed'
Mono path[1] = 'C:/Program Files/Unity/Hub/Editor/2020.3.33f1/Editor/Data/MonoBleedingEdge/lib/mono/unityjit'
Mono config path = 'C:/Program Files/Unity/Hub/Editor/2020.3.33f1/Editor/Data/MonoBleedingEdge/etc'
Using monoOptions --debugger-agent=transport=dt_socket,embedding=1,server=y,suspend=n,address=127.0.0.1:56128
Begin MonoManager ReloadAssembly
Registering precompiled unity dll's ...
Register platform support module: C:/Program Files/Unity/Hub/Editor/2020.3.33f1/Editor/Data/PlaybackEngines/WindowsStandaloneSupport/UnityEditor.WindowsStandalone.Extensions.dll
Registered in 0.001614 seconds.
Native extension for WindowsStandalone target not found
Refreshing native plugins compatible for Editor in 43.14 ms, found 3 plugins.
Preloading 0 native plugins for Editor in 0.00 ms.
Mono: successfully reloaded assembly
- Completed reload, in  0.471 seconds
Domain Reload Profiling:
	ReloadAssembly (471ms)
		BeginReloadAssembly (50ms)
			ExecutionOrderSort (0ms)
			DisableScriptedObjects (0ms)
			BackupInstance (0ms)
			ReleaseScriptingObjects (0ms)
			CreateAndSetChildDomain (1ms)
		EndReloadAssembly (361ms)
			LoadAssemblies (48ms)
			RebuildTransferFunctionScriptingTraits (0ms)
			SetupTypeCache (115ms)
			ReleaseScriptCaches (0ms)
			RebuildScriptCaches (24ms)
			SetupLoadedEditorAssemblies (141ms)
				LogAssemblyErrors (0ms)
				InitializePlatformSupportModulesInManaged (4ms)
				SetLoadedEditorAssemblies (0ms)
				RefreshPlugins (43ms)
				BeforeProcessingInitializeOnLoad (7ms)
				ProcessInitializeOnLoadAttributes (65ms)
				ProcessInitializeOnLoadMethodAttributes (22ms)
				AfterProcessingInitializeOnLoad (0ms)
				EditorAssembliesLoaded (0ms)
			ExecutionOrderSort2 (0ms)
			AwakeInstancesAfterBackupRestoration (0ms)
Platform modules already initialized, skipping
Registering precompiled user dll's ...
Registered in 0.002809 seconds.
Begin MonoManager ReloadAssembly
Symbol file LoadedFromMemory doesn't match image C:\Users\jojoh\OneDrive\Desktop\Unlucky-Adventures\My project\Library\PackageCache\com.unity.collab-proxy@1.15.15\Lib\Editor\PlasticSCM\unityplastic.dll
Native extension for WindowsStandalone target not found
Refreshing native plugins compatible for Editor in 42.18 ms, found 3 plugins.
Preloading 0 native plugins for Editor in 0.00 ms.
Mono: successfully reloaded assembly
- Completed reload, in  0.876 seconds
Domain Reload Profiling:
	ReloadAssembly (877ms)
		BeginReloadAssembly (121ms)
			ExecutionOrderSort (0ms)
			DisableScriptedObjects (4ms)
			BackupInstance (0ms)
			ReleaseScriptingObjects (0ms)
			CreateAndSetChildDomain (17ms)
		EndReloadAssembly (703ms)
			LoadAssemblies (79ms)
			RebuildTransferFunctionScriptingTraits (0ms)
			SetupTypeCache (226ms)
			ReleaseScriptCaches (0ms)
			RebuildScriptCaches (41ms)
			SetupLoadedEditorAssemblies (271ms)
				LogAssemblyErrors (0ms)
				InitializePlatformSupportModulesInManaged (3ms)
				SetLoadedEditorAssemblies (0ms)
				RefreshPlugins (42ms)
				BeforeProcessingInitializeOnLoad (60ms)
				ProcessInitializeOnLoadAttributes (148ms)
				ProcessInitializeOnLoadMethodAttributes (12ms)
				AfterProcessingInitializeOnLoad (5ms)
				EditorAssembliesLoaded (0ms)
			ExecutionOrderSort2 (0ms)
			AwakeInstancesAfterBackupRestoration (5ms)
Platform modules already initialized, skipping
========================================================================
Worker process is ready to serve import requests
Launched and connected shader compiler UnityShaderCompiler.exe after 0.04 seconds
Refreshing native plugins compatible for Editor in 0.55 ms, found 3 plugins.
Preloading 0 native plugins for Editor in 0.00 ms.
Unloading 2318 Unused Serialized files (Serialized files now loaded: 0)
System memory in use before: 100.5 MB.
System memory in use after: 100.7 MB.

Unloading 37 unused Assets to reduce memory usage. Loaded Objects now: 2744.
Total: 2.840200 ms (FindLiveObjects: 0.194300 ms CreateObjectMapping: 0.056400 ms MarkObjects: 2.555900 ms  DeleteObjects: 0.032800 ms)

AssetImportParameters requested are different than current active one (requested -> active):
  custom:framework-win-MediaFoundation: 216162199b28c13a410421893ffa2e32 -> 
  custom:video-decoder-ogg-theora: a1e56fd34408186e4bbccfd4996cb3dc -> 
  custom:container-muxer-webm: aa71ff27fc2769a1b78a27578f13a17b -> 
  custom:container-demuxer-webm: 4f35f7cbe854078d1ac9338744f61a02 -> 
  custom:container-demuxer-ogg: 62fdf1f143b41e24485cea50d1cbac27 -> 
  custom:video-encoder-webm-vp8: eb34c28f22e8b96e1ab97ce403110664 -> 
  custom:video-decoder-webm-vp8: 9c59270c3fd7afecdb556c50c9e8de78 -> 
  custom:audio-decoder-ogg-vorbis: bf7c407c2cedff20999df2af8eb42d56 -> 
  custom:audio-encoder-webm-vorbis: bf7c407c2cedff20999df2af8eb42d56 -> 
========================================================================
Received Import Request.
  path: Assets/Pspider.png
  artifactKey: Guid(3484798e71cc2c2489e5dbab834a4049) Importer(815301076,1909f56bfc062723c751e8b465ee728b)
Start importing Assets/Pspider.png using Guid(3484798e71cc2c2489e5dbab834a4049) Importer(815301076,1909f56bfc062723c751e8b465ee728b)  -> (artifact id: '01b4604d073f93197e5ee90931f177d8') in 0.079155 seconds 
========================================================================
Received Import Request.
  Time since last request: 10.402513 seconds.
  path: Assets/Sprites/Pow
  artifactKey: Guid(b78a9db1167e3204f8f40670f96a12fc) Importer(815301076,1909f56bfc062723c751e8b465ee728b)
Start importing Assets/Sprites/Pow using Guid(b78a9db1167e3204f8f40670f96a12fc) Importer(815301076,1909f56bfc062723c751e8b465ee728b)  -> (artifact id: '080b1b55321a61b10bb1ae3dc615fbfd') in 0.005278 seconds 
========================================================================
Received Import Request.
  Time since last request: 10.981168 seconds.
  path: Assets/Zeph/attack options
  artifactKey: Guid(33c12900cae2f7449ae6c2a20012188d) Importer(815301076,1909f56bfc062723c751e8b465ee728b)
Start importing Assets/Zeph/attack options using Guid(33c12900cae2f7449ae6c2a20012188d) Importer(815301076,1909f56bfc062723c751e8b465ee728b)  -> (artifact id: '97adbb3b70983d5e30b25ee7bf22d700') in 0.005447 seconds 
========================================================================
Received Import Request.
  Time since last request: 24.693059 seconds.
  path: Assets/Zeph/spider.png
  artifactKey: Guid(d0278285cb2b6254ca9d8ea59e159915) Importer(815301076,1909f56bfc062723c751e8b465ee728b)
Start importing Assets/Zeph/spider.png using Guid(d0278285cb2b6254ca9d8ea59e159915) Importer(815301076,1909f56bfc062723c751e8b465ee728b)  -> (artifact id: 'fedefae45cb9f8534484dd136b507453') in 0.012072 seconds 
========================================================================
Received Import Request.
  Time since last request: 0.000146 seconds.
  path: Assets/Zeph/tension/Tension1.png
  artifactKey: Guid(1068378daa7167c4494061e52f56d237) Importer(815301076,1909f56bfc062723c751e8b465ee728b)
Start importing Assets/Zeph/tension/Tension1.png using Guid(1068378daa7167c4494061e52f56d237) Importer(815301076,1909f56bfc062723c751e8b465ee728b)  -> (artifact id: '0aa5e3b5a91a61b327fca09c4508f35d') in 0.031335 seconds 
========================================================================
Received Import Request.
  Time since last request: 0.000165 seconds.
  path: Assets/Zeph/tension/Tension 0.png
  artifactKey: Guid(1072d0f3d352b5e4cb3e0048aa710769) Importer(815301076,1909f56bfc062723c751e8b465ee728b)
Start importing Assets/Zeph/tension/Tension 0.png using Guid(1072d0f3d352b5e4cb3e0048aa710769) Importer(815301076,1909f56bfc062723c751e8b465ee728b)  -> (artifact id: '0b9071e21bb4aba3eb4142085639e3b9') in 0.023187 seconds 
========================================================================
Received Import Request.
  Time since last request: 0.000178 seconds.
  path: Assets/Zeph/sword.png
  artifactKey: Guid(1076f92f435f7b245829e26d6f65d1a7) Importer(815301076,1909f56bfc062723c751e8b465ee728b)
Start importing Assets/Zeph/sword.png using Guid(1076f92f435f7b245829e26d6f65d1a7) Importer(815301076,1909f56bfc062723c751e8b465ee728b)  -> (artifact id: 'c5c0f7a45a25e3e48ef0d3ac99bb4bf4') in 0.016130 seconds 
========================================================================
Received Import Request.
  Time since last request: 4.620120 seconds.
  path: Assets/Zeph/powder move.gif
  artifactKey: Guid(fc8e250c859c7e94ba98bef2466b23a6) Importer(815301076,1909f56bfc062723c751e8b465ee728b)
Start importing Assets/Zeph/powder move.gif using Guid(fc8e250c859c7e94ba98bef2466b23a6) Importer(815301076,1909f56bfc062723c751e8b465ee728b)  -> (artifact id: '5d29b7ba6c0957fe367e4bf5f95fde07') in 0.018614 seconds 
========================================================================
Received Import Request.
  Time since last request: 0.000131 seconds.
  path: Assets/Zeph/powder ow.png
  artifactKey: Guid(0750ae953c462ce428e44ec31d3f3691) Importer(815301076,1909f56bfc062723c751e8b465ee728b)
Start importing Assets/Zeph/powder ow.png using Guid(0750ae953c462ce428e44ec31d3f3691) Importer(815301076,1909f56bfc062723c751e8b465ee728b)  -> (artifact id: '39eb3f17f6876ee85f2411363a7a5123') in 0.014147 seconds 
========================================================================
Received Import Request.
  Time since last request: 50.237982 seconds.
  path: Assets/Scenes
  artifactKey: Guid(bbbc74fad6ed1d243aee6102298f428b) Importer(815301076,1909f56bfc062723c751e8b465ee728b)
Start importing Assets/Scenes using Guid(bbbc74fad6ed1d243aee6102298f428b) Importer(815301076,1909f56bfc062723c751e8b465ee728b)  -> (artifact id: 'e5dbec696193c38863c4c41fa5f72bd9') in 0.006486 seconds 
========================================================================
Received Import Request.
  Time since last request: 64125.874180 seconds.
  path: Assets/Zeph
  artifactKey: Guid(f3d2e0e69e9a5d94a8f8dedeb45dba00) Importer(815301076,1909f56bfc062723c751e8b465ee728b)
Start importing Assets/Zeph using Guid(f3d2e0e69e9a5d94a8f8dedeb45dba00) Importer(815301076,1909f56bfc062723c751e8b465ee728b)  -> (artifact id: '13fc6340001a33d6869274094e6c0c79') in 0.006733 seconds 
========================================================================
Received Import Request.
  Time since last request: 36.176714 seconds.
  path: Assets/combat sprites
  artifactKey: Guid(b7fd39cef6722664ab002efccd70a700) Importer(815301076,1909f56bfc062723c751e8b465ee728b)
Start importing Assets/combat sprites using Guid(b7fd39cef6722664ab002efccd70a700) Importer(815301076,1909f56bfc062723c751e8b465ee728b)  -> (artifact id: '9c3bd292b488cc35c1b8e71ca817c38c') in 0.004298 seconds 
========================================================================
Received Import Request.
  Time since last request: 57.362292 seconds.
  path: Assets/combat sprites/Hurt0005.png
  artifactKey: Guid(cf0a2e263760c89429d7f6d41d52a1f8) Importer(815301076,1909f56bfc062723c751e8b465ee728b)
Start importing Assets/combat sprites/Hurt0005.png using Guid(cf0a2e263760c89429d7f6d41d52a1f8) Importer(815301076,1909f56bfc062723c751e8b465ee728b)  -> (artifact id: '79cf8b84ce7baf90b4ad4b644b6199d4') in 0.054513 seconds 
========================================================================
Received Import Request.
  Time since last request: 17.202432 seconds.
  path: Assets/combat spider
  artifactKey: Guid(b7fd39cef6722664ab002efccd70a700) Importer(815301076,1909f56bfc062723c751e8b465ee728b)
Start importing Assets/combat spider using Guid(b7fd39cef6722664ab002efccd70a700) Importer(815301076,1909f56bfc062723c751e8b465ee728b)  -> (artifact id: 'beff95191124bbd6e3d0ffbdc193d214') in 0.004890 seconds 
========================================================================
Received Import Request.
  Time since last request: 10.770918 seconds.
  path: Assets/combat spider/Hurt0001.png
  artifactKey: Guid(171db3de17225ea4a8d35d2b691f237f) Importer(815301076,1909f56bfc062723c751e8b465ee728b)
Start importing Assets/combat spider/Hurt0001.png using Guid(171db3de17225ea4a8d35d2b691f237f) Importer(815301076,1909f56bfc062723c751e8b465ee728b)  -> (artifact id: 'd520e3435184bd3ab9658086d7223bce') in 0.011314 seconds 
========================================================================
Received Import Request.
  Time since last request: 1.165118 seconds.
  path: Assets/combat spider/Hurt0002.png
  artifactKey: Guid(d716214fd73e617478984b61b2f85df1) Importer(815301076,1909f56bfc062723c751e8b465ee728b)
Start importing Assets/combat spider/Hurt0002.png using Guid(d716214fd73e617478984b61b2f85df1) Importer(815301076,1909f56bfc062723c751e8b465ee728b)  -> (artifact id: '23c2811f45b238be1c71d0723418619a') in 0.011363 seconds 
========================================================================
Received Import Request.
  Time since last request: 19.346031 seconds.
  path: Assets/combat spider/Idle0005.png
  artifactKey: Guid(2db28cce63d2fac4b85c3abf8fbc0f73) Importer(815301076,1909f56bfc062723c751e8b465ee728b)
Start importing Assets/combat spider/Idle0005.png using Guid(2db28cce63d2fac4b85c3abf8fbc0f73) Importer(815301076,1909f56bfc062723c751e8b465ee728b)  -> (artifact id: 'ac3afde3a4ca6be068ebe9726673a5db') in 0.015940 seconds 
========================================================================
Received Import Request.
  Time since last request: 19.096573 seconds.
  path: Assets/combat spider/Attack0007.png
  artifactKey: Guid(f6efa371fc9674841b7fc69bf2c35af5) Importer(815301076,1909f56bfc062723c751e8b465ee728b)
Start importing Assets/combat spider/Attack0007.png using Guid(f6efa371fc9674841b7fc69bf2c35af5) Importer(815301076,1909f56bfc062723c751e8b465ee728b)  -> (artifact id: 'd7e3065acd182680e8170bd3fe7ce280') in 0.018625 seconds 
========================================================================
Received Import Request.
  Time since last request: 18.185479 seconds.
  path: Assets/combat spider/Die0010.png
  artifactKey: Guid(a0f22f26dd632874980ee251f8a6df3b) Importer(815301076,1909f56bfc062723c751e8b465ee728b)
Start importing Assets/combat spider/Die0010.png using Guid(a0f22f26dd632874980ee251f8a6df3b) Importer(815301076,1909f56bfc062723c751e8b465ee728b)  -> (artifact id: 'cc01c1820c9275e07900d8f2f6f27be0') in 0.016349 seconds 
========================================================================
Received Import Request.
  Time since last request: 109.400233 seconds.
  path: Assets/C
  artifactKey: Guid(ef3d7cb129a0ce44988f33769390235f) Importer(815301076,1909f56bfc062723c751e8b465ee728b)
Start importing Assets/C using Guid(ef3d7cb129a0ce44988f33769390235f) Importer(815301076,1909f56bfc062723c751e8b465ee728b)  -> (artifact id: 'c3f9849708559cd8733797ffcf9aa489') in 0.005002 seconds 
========================================================================
Received Import Request.
  Time since last request: 46.224080 seconds.
  path: Assets/combat powder
  artifactKey: Guid(ef3d7cb129a0ce44988f33769390235f) Importer(815301076,1909f56bfc062723c751e8b465ee728b)
Start importing Assets/combat powder using Guid(ef3d7cb129a0ce44988f33769390235f) Importer(815301076,1909f56bfc062723c751e8b465ee728b)  -> (artifact id: '673c399986bdefcecdc8d0afa42168e4') in 0.004863 seconds 
========================================================================
Received Import Request.
  Time since last request: 27.802205 seconds.
  path: Assets/Sprites/combat powder/Idle0012.png
  artifactKey: Guid(4bf0cd838625dd24fb6b58aed6cb69b8) Importer(815301076,1909f56bfc062723c751e8b465ee728b)
Start importing Assets/Sprites/combat powder/Idle0012.png using Guid(4bf0cd838625dd24fb6b58aed6cb69b8) Importer(815301076,1909f56bfc062723c751e8b465ee728b)  -> (artifact id: '4df7cb62d6864e8be7d016822e3c2370') in 0.018867 seconds 
========================================================================
Received Import Request.
  Time since last request: 16.334009 seconds.
  path: Assets/Sprites/combat powder/Hurt0005.png
  artifactKey: Guid(b41d3c5ca3b2b7647a18fb6be9cdf416) Importer(815301076,1909f56bfc062723c751e8b465ee728b)
Start importing Assets/Sprites/combat powder/Hurt0005.png using Guid(b41d3c5ca3b2b7647a18fb6be9cdf416) Importer(815301076,1909f56bfc062723c751e8b465ee728b)  -> (artifact id: '403f083f0e96389fd2abf57f267b51a0') in 0.017727 seconds 
========================================================================
Received Import Request.
  Time since last request: 33.726996 seconds.
  path: Assets/Sprites/combat powder/AttackA0007.png
  artifactKey: Guid(4c8336446233d7342a3bed88e828b9f3) Importer(815301076,1909f56bfc062723c751e8b465ee728b)
Start importing Assets/Sprites/combat powder/AttackA0007.png using Guid(4c8336446233d7342a3bed88e828b9f3) Importer(815301076,1909f56bfc062723c751e8b465ee728b)  -> (artifact id: '919601765a0e422c1c17c6d0c6c25484') in 0.025150 seconds 
========================================================================
Received Import Request.
  Time since last request: 24.974347 seconds.
  path: Assets/Sprites/combat powder/AttackB0007.png
  artifactKey: Guid(8e058b56980bc35408f96cd6e2873679) Importer(815301076,1909f56bfc062723c751e8b465ee728b)
Start importing Assets/Sprites/combat powder/AttackB0007.png using Guid(8e058b56980bc35408f96cd6e2873679) Importer(815301076,1909f56bfc062723c751e8b465ee728b)  -> (artifact id: '42a08e17eab32923b2769fe0d72dc0d1') in 0.024599 seconds 
========================================================================
Received Import Request.
  Time since last request: 31.883464 seconds.
  path: Assets/Sprites/combat powder/Die0015.png
  artifactKey: Guid(6368d998748205d4abf04c68bb6f7038) Importer(815301076,1909f56bfc062723c751e8b465ee728b)
Start importing Assets/Sprites/combat powder/Die0015.png using Guid(6368d998748205d4abf04c68bb6f7038) Importer(815301076,1909f56bfc062723c751e8b465ee728b)  -> (artifact id: '2205054039a5750430883006668d69fa') in 0.012875 seconds 
========================================================================
Received Import Request.
  Time since last request: 55.898115 seconds.
  path: Assets/Sprites/combat crow
  artifactKey: Guid(ac90c218e9ee70a42b0f744239d79f54) Importer(815301076,1909f56bfc062723c751e8b465ee728b)
Start importing Assets/Sprites/combat crow using Guid(ac90c218e9ee70a42b0f744239d79f54) Importer(815301076,1909f56bfc062723c751e8b465ee728b)  -> (artifact id: '6eee7c7d6809d9352ac40b5dece72551') in 0.004779 seconds 
========================================================================
Received Import Request.
  Time since last request: 22.045562 seconds.
  path: Assets/Sprites/combat crow/Fly0006.png
  artifactKey: Guid(348404f42e5756d4db819a35a1aa0569) Importer(815301076,1909f56bfc062723c751e8b465ee728b)
Start importing Assets/Sprites/combat crow/Fly0006.png using Guid(348404f42e5756d4db819a35a1aa0569) Importer(815301076,1909f56bfc062723c751e8b465ee728b)  -> (artifact id: 'e0c86cd2e6955ac17fa87997c4f7b546') in 0.017901 seconds 
========================================================================
Received Import Request.
  Time since last request: 14.762728 seconds.
  path: Assets/Sprites/combat crow/Hurt0004.png
  artifactKey: Guid(3988cb459da4bb44dabaae9f2266b511) Importer(815301076,1909f56bfc062723c751e8b465ee728b)
Start importing Assets/Sprites/combat crow/Hurt0004.png using Guid(3988cb459da4bb44dabaae9f2266b511) Importer(815301076,1909f56bfc062723c751e8b465ee728b)  -> (artifact id: '3e4def6c1369cf3bb20e548c72170712') in 0.017523 seconds 
========================================================================
Received Import Request.
  Time since last request: 139.339399 seconds.
  path: Assets/Sprites/combat crow/Attack0007.png
  artifactKey: Guid(0fb91011344b4cf40afb15e9dd97d60c) Importer(815301076,1909f56bfc062723c751e8b465ee728b)
Start importing Assets/Sprites/combat crow/Attack0007.png using Guid(0fb91011344b4cf40afb15e9dd97d60c) Importer(815301076,1909f56bfc062723c751e8b465ee728b)  -> (artifact id: '9494f3d3707452ed2dbf77645f367f37') in 0.016795 seconds 
========================================================================
Received Import Request.
  Time since last request: 24.237527 seconds.
  path: Assets/Sprites/combat crow/Die0008.png
  artifactKey: Guid(55000582157dbb14ca14c122bc41de60) Importer(815301076,1909f56bfc062723c751e8b465ee728b)
Start importing Assets/Sprites/combat crow/Die0008.png using Guid(55000582157dbb14ca14c122bc41de60) Importer(815301076,1909f56bfc062723c751e8b465ee728b)  -> (artifact id: 'f8ec1f32399eabaf98dd25151390e88b') in 0.018478 seconds 
========================================================================
Received Import Request.
  Time since last request: 20.992874 seconds.
  path: Assets/Zeph/powder combat.gif
  artifactKey: Guid(927fafa409f940c4c8a275168e68a8de) Importer(815301076,1909f56bfc062723c751e8b465ee728b)
Start importing Assets/Zeph/powder combat.gif using Guid(927fafa409f940c4c8a275168e68a8de) Importer(815301076,1909f56bfc062723c751e8b465ee728b)  -> (artifact id: '089808f4e5e5fb1dfc51be7e8116ee6f') in 0.019314 seconds 
========================================================================
Received Import Request.
  Time since last request: 0.000137 seconds.
  path: Assets/Zeph/powder icon.png
  artifactKey: Guid(557233f5fae5fd14ea72caf703f79460) Importer(815301076,1909f56bfc062723c751e8b465ee728b)
Start importing Assets/Zeph/powder icon.png using Guid(557233f5fae5fd14ea72caf703f79460) Importer(815301076,1909f56bfc062723c751e8b465ee728b)  -> (artifact id: '6ec8aa0139d1276706dbd05678d127b3') in 0.016163 seconds 
========================================================================
Received Import Request.
  Time since last request: 0.174397 seconds.
  path: Assets/Zeph/powder 2.png
  artifactKey: Guid(658f1d9cc8ded5e429bbbc9d4594de00) Importer(815301076,1909f56bfc062723c751e8b465ee728b)
Start importing Assets/Zeph/powder 2.png using Guid(658f1d9cc8ded5e429bbbc9d4594de00) Importer(815301076,1909f56bfc062723c751e8b465ee728b)  -> (artifact id: '6413bb4b2c20224929f69b9f6daa3f85') in 0.012361 seconds 
========================================================================
Received Import Request.
  Time since last request: 0.023564 seconds.
  path: Assets/Zeph/attack options/options 3.png
  artifactKey: Guid(c762c26d9a70b99459ba36a4fcf96ae0) Importer(815301076,1909f56bfc062723c751e8b465ee728b)
Start importing Assets/Zeph/attack options/options 3.png using Guid(c762c26d9a70b99459ba36a4fcf96ae0) Importer(815301076,1909f56bfc062723c751e8b465ee728b)  -> (artifact id: 'c1bf23d5931d03e68eb659eba9249cac') in 0.011351 seconds 
========================================================================
Received Import Request.
  Time since last request: 0.000125 seconds.
  path: Assets/Zeph/attack options/options 4.png
  artifactKey: Guid(e9dfe1fcafc02f54d9e36be404096e1d) Importer(815301076,1909f56bfc062723c751e8b465ee728b)
Start importing Assets/Zeph/attack options/options 4.png using Guid(e9dfe1fcafc02f54d9e36be404096e1d) Importer(815301076,1909f56bfc062723c751e8b465ee728b)  -> (artifact id: '4b38f98c7cd926ca497b3f81ec13b53f') in 0.013265 seconds 
========================================================================
Received Import Request.
  Time since last request: 0.000124 seconds.
  path: Assets/Zeph/attack options/options 2.png
  artifactKey: Guid(1df85c86ae8be864fa269585f2fb1ab2) Importer(815301076,1909f56bfc062723c751e8b465ee728b)
Start importing Assets/Zeph/attack options/options 2.png using Guid(1df85c86ae8be864fa269585f2fb1ab2) Importer(815301076,1909f56bfc062723c751e8b465ee728b)  -> (artifact id: '0736f5e0df391cceea3b85965f8e6335') in 0.017157 seconds 
========================================================================
Received Import Request.
  Time since last request: 0.000160 seconds.
  path: Assets/Zeph/attack options/options 5.png
  artifactKey: Guid(fe1d12eae98015d4cb52c6cda05c64ca) Importer(815301076,1909f56bfc062723c751e8b465ee728b)
Start importing Assets/Zeph/attack options/options 5.png using Guid(fe1d12eae98015d4cb52c6cda05c64ca) Importer(815301076,1909f56bfc062723c751e8b465ee728b)  -> (artifact id: '44e1357d945333cf4f4d356c4a7fef17') in 0.013469 seconds 
========================================================================
Received Import Request.
  Time since last request: 0.000142 seconds.
  path: Assets/Zeph/attack options/options 1.png
  artifactKey: Guid(1a1c6ac6eba7d4b4eb077b32165a89a8) Importer(815301076,1909f56bfc062723c751e8b465ee728b)
Start importing Assets/Zeph/attack options/options 1.png using Guid(1a1c6ac6eba7d4b4eb077b32165a89a8) Importer(815301076,1909f56bfc062723c751e8b465ee728b)  -> (artifact id: '3dbfcface8f47e6706b1362980979834') in 0.010235 seconds 
========================================================================
Received Import Request.
  Time since last request: 0.732708 seconds.
  path: Assets/Zeph/mash/mash.gif
  artifactKey: Guid(2c3b71e5905e33f4d9b21d6c3f3d36e4) Importer(815301076,1909f56bfc062723c751e8b465ee728b)
Start importing Assets/Zeph/mash/mash.gif using Guid(2c3b71e5905e33f4d9b21d6c3f3d36e4) Importer(815301076,1909f56bfc062723c751e8b465ee728b)  -> (artifact id: 'a00e03cb9e9655aa2d4c43dd35080700') in 0.014858 seconds 
========================================================================
Received Import Request.
  Time since last request: 0.000136 seconds.
  path: Assets/Zeph/mash/mash1.png
  artifactKey: Guid(c798650ede3cf864ea9959da611c24e8) Importer(815301076,1909f56bfc062723c751e8b465ee728b)
Start importing Assets/Zeph/mash/mash1.png using Guid(c798650ede3cf864ea9959da611c24e8) Importer(815301076,1909f56bfc062723c751e8b465ee728b)  -> (artifact id: 'd101378e1cb1d0244e605cef0a9407ed') in 0.016777 seconds 
========================================================================
Received Import Request.
  Time since last request: 0.000162 seconds.
  path: Assets/Zeph/mash/mash2.png
  artifactKey: Guid(700f9e8b4382abc4dbe6eb8578c1303a) Importer(815301076,1909f56bfc062723c751e8b465ee728b)
Start importing Assets/Zeph/mash/mash2.png using Guid(700f9e8b4382abc4dbe6eb8578c1303a) Importer(815301076,1909f56bfc062723c751e8b465ee728b)  -> (artifact id: 'a47fca76ac454bb32e3a78ce3531b641') in 0.016813 seconds 
========================================================================
Received Import Request.
  Time since last request: 0.299535 seconds.
  path: Assets/Zeph/knight walk 1.png
  artifactKey: Guid(740c1f391695f0e4ba40d6b6cf65bbc6) Importer(815301076,1909f56bfc062723c751e8b465ee728b)
Start importing Assets/Zeph/knight walk 1.png using Guid(740c1f391695f0e4ba40d6b6cf65bbc6) Importer(815301076,1909f56bfc062723c751e8b465ee728b)  -> (artifact id: 'ac33d711a65168fb39e15dd2fb6c18e7') in 0.011323 seconds 
========================================================================
Received Import Request.
  Time since last request: 0.019086 seconds.
  path: Assets/Sprites/combat powder/Idle0011.png
  artifactKey: Guid(93f0580275e6f324c9788dc52ecd4ca1) Importer(815301076,1909f56bfc062723c751e8b465ee728b)
Start importing Assets/Sprites/combat powder/Idle0011.png using Guid(93f0580275e6f324c9788dc52ecd4ca1) Importer(815301076,1909f56bfc062723c751e8b465ee728b)  -> (artifact id: 'efa9d55e9b298a352a5305aba2f1199b') in 0.013327 seconds 
========================================================================
Received Import Request.
  Time since last request: 0.000131 seconds.
  path: Assets/Zeph/knight.png
  artifactKey: Guid(6ae7b8c6714dc3a468245758b5270522) Importer(815301076,1909f56bfc062723c751e8b465ee728b)
Start importing Assets/Zeph/knight.png using Guid(6ae7b8c6714dc3a468245758b5270522) Importer(815301076,1909f56bfc062723c751e8b465ee728b)  -> (artifact id: '5deedd5e38c5a848cfd12977976dc1cd') in 0.012983 seconds 
========================================================================
Received Import Request.
  Time since last request: 0.005285 seconds.
  path: Assets/Sprites/combat powder/Idle0008.png
  artifactKey: Guid(87fe9404eeaa4be42b7dc795653df9aa) Importer(815301076,1909f56bfc062723c751e8b465ee728b)
Start importing Assets/Sprites/combat powder/Idle0008.png using Guid(87fe9404eeaa4be42b7dc795653df9aa) Importer(815301076,1909f56bfc062723c751e8b465ee728b)  -> (artifact id: 'ba59d0ce3687b36e222bf42fe5e92958') in 0.015372 seconds 
========================================================================
Received Import Request.
  Time since last request: 0.000144 seconds.
  path: Assets/Sprites/combat powder/Idle0009.png
  artifactKey: Guid(5bd8de4315f5db04b948597d4b293600) Importer(815301076,1909f56bfc062723c751e8b465ee728b)
Start importing Assets/Sprites/combat powder/Idle0009.png using Guid(5bd8de4315f5db04b948597d4b293600) Importer(815301076,1909f56bfc062723c751e8b465ee728b)  -> (artifact id: 'f40d51ff05cc6dd2cf1c0a1a310f69c7') in 0.018486 seconds 
========================================================================
Received Import Request.
  Time since last request: 0.000146 seconds.
  path: Assets/Sprites/combat powder/Idle0010.png
  artifactKey: Guid(0a720d9d8a203cd4180ee168821b92bd) Importer(815301076,1909f56bfc062723c751e8b465ee728b)
Start importing Assets/Sprites/combat powder/Idle0010.png using Guid(0a720d9d8a203cd4180ee168821b92bd) Importer(815301076,1909f56bfc062723c751e8b465ee728b)  -> (artifact id: 'a703827577a27cefbd216a31678c90df') in 0.014401 seconds 
========================================================================
Received Import Request.
  Time since last request: 0.452046 seconds.
  path: Assets/Sprites/combat powder/Idle0006.png
  artifactKey: Guid(eacabccf610258c45b9057f1bdff81d4) Importer(815301076,1909f56bfc062723c751e8b465ee728b)
Start importing Assets/Sprites/combat powder/Idle0006.png using Guid(eacabccf610258c45b9057f1bdff81d4) Importer(815301076,1909f56bfc062723c751e8b465ee728b)  -> (artifact id: 'a4e184aa216fd9472ae5174c96ba8980') in 0.014681 seconds 
========================================================================
Received Import Request.
  Time since last request: 0.000134 seconds.
  path: Assets/Sprites/combat powder/Idle0007.png
  artifactKey: Guid(23dbfa66f26e90240bd6bf9a89684d71) Importer(815301076,1909f56bfc062723c751e8b465ee728b)
Start importing Assets/Sprites/combat powder/Idle0007.png using Guid(23dbfa66f26e90240bd6bf9a89684d71) Importer(815301076,1909f56bfc062723c751e8b465ee728b)  -> (artifact id: '976501969043421749ad8c3687895593') in 0.014904 seconds 
========================================================================
Received Import Request.
  Time since last request: 0.027715 seconds.
  path: Assets/Sprites/combat spider/Idle0004.png
  artifactKey: Guid(838478bf9b4ad68469677ea934c7c3f5) Importer(815301076,1909f56bfc062723c751e8b465ee728b)
Start importing Assets/Sprites/combat spider/Idle0004.png using Guid(838478bf9b4ad68469677ea934c7c3f5) Importer(815301076,1909f56bfc062723c751e8b465ee728b)  -> (artifact id: '5f04f0887c580d09c17d058da0ad1451') in 0.010846 seconds 
========================================================================
Received Import Request.
  Time since last request: 0.000161 seconds.
  path: Assets/Sprites/combat powder/Idle0004.png
  artifactKey: Guid(3bb0da5a759b3cf4d9a3a292d5cfe0b8) Importer(815301076,1909f56bfc062723c751e8b465ee728b)
Start importing Assets/Sprites/combat powder/Idle0004.png using Guid(3bb0da5a759b3cf4d9a3a292d5cfe0b8) Importer(815301076,1909f56bfc062723c751e8b465ee728b)  -> (artifact id: '81ac69b6871e001d4225887396661506') in 0.016358 seconds 
========================================================================
Received Import Request.
  Time since last request: 0.000152 seconds.
  path: Assets/Sprites/combat powder/Idle0005.png
  artifactKey: Guid(73013198fe5c7b04e9e401d5db672cc3) Importer(815301076,1909f56bfc062723c751e8b465ee728b)
Start importing Assets/Sprites/combat powder/Idle0005.png using Guid(73013198fe5c7b04e9e401d5db672cc3) Importer(815301076,1909f56bfc062723c751e8b465ee728b)  -> (artifact id: '3071bd239dc94be28978fff29b345957') in 0.014821 seconds 
========================================================================
Received Import Request.
  Time since last request: 0.846569 seconds.
  path: Assets/Sprites/combat spider/Idle0002.png
  artifactKey: Guid(1298911ef92e8724388204ffa28391ea) Importer(815301076,1909f56bfc062723c751e8b465ee728b)
Start importing Assets/Sprites/combat spider/Idle0002.png using Guid(1298911ef92e8724388204ffa28391ea) Importer(815301076,1909f56bfc062723c751e8b465ee728b)  -> (artifact id: 'b4e55707159d1da67fd4e674470b7dbe') in 0.012124 seconds 
========================================================================
Received Import Request.
  Time since last request: 0.000133 seconds.
  path: Assets/Sprites/combat spider/Idle0003.png
  artifactKey: Guid(5ed490567c2b41a4ca5d552b0e7d9131) Importer(815301076,1909f56bfc062723c751e8b465ee728b)
Start importing Assets/Sprites/combat spider/Idle0003.png using Guid(5ed490567c2b41a4ca5d552b0e7d9131) Importer(815301076,1909f56bfc062723c751e8b465ee728b)  -> (artifact id: '90d732a90cb9ff989f2daa730b3b7f56') in 0.012186 seconds 
========================================================================
Received Import Request.
  Time since last request: 0.000129 seconds.
  path: Assets/Sprites/combat powder/Idle0003.png
  artifactKey: Guid(371734326416c01488abd7e606db5e14) Importer(815301076,1909f56bfc062723c751e8b465ee728b)
Start importing Assets/Sprites/combat powder/Idle0003.png using Guid(371734326416c01488abd7e606db5e14) Importer(815301076,1909f56bfc062723c751e8b465ee728b)  -> (artifact id: 'b54b6ac8e24706b73adc11c76464441d') in 0.013959 seconds 
========================================================================
Received Import Request.
  Time since last request: 0.468454 seconds.
  path: Assets/Sprites/combat powder/Idle0001.png
  artifactKey: Guid(81557c56ff9afda4f86c816ef333f112) Importer(815301076,1909f56bfc062723c751e8b465ee728b)
Start importing Assets/Sprites/combat powder/Idle0001.png using Guid(81557c56ff9afda4f86c816ef333f112) Importer(815301076,1909f56bfc062723c751e8b465ee728b)  -> (artifact id: 'eeabd5c5c4746b3a8b63e63ae5b8c25e') in 0.017652 seconds 
========================================================================
Received Import Request.
  Time since last request: 0.000119 seconds.
  path: Assets/Sprites/combat powder/Idle0002.png
  artifactKey: Guid(75ed11a334389314392042a6abce0225) Importer(815301076,1909f56bfc062723c751e8b465ee728b)
Start importing Assets/Sprites/combat powder/Idle0002.png using Guid(75ed11a334389314392042a6abce0225) Importer(815301076,1909f56bfc062723c751e8b465ee728b)  -> (artifact id: '6c5260d82ce31d89f8e6488b2169245f') in 0.017804 seconds 
========================================================================
Received Import Request.
  Time since last request: 0.000150 seconds.
  path: Assets/Sprites/combat spider/Idle0001.png
  artifactKey: Guid(8bc56ba420f8bab449eeed5cbef6982f) Importer(815301076,1909f56bfc062723c751e8b465ee728b)
Start importing Assets/Sprites/combat spider/Idle0001.png using Guid(8bc56ba420f8bab449eeed5cbef6982f) Importer(815301076,1909f56bfc062723c751e8b465ee728b)  -> (artifact id: '61bc24a9d8e483061f51933be3cf424c') in 0.013322 seconds 
========================================================================
Received Import Request.
  Time since last request: 1.540513 seconds.
  path: Assets/Sprites/combat powder/Hurt0003.png
  artifactKey: Guid(3fd50967d46f1c84e853f5ec48999844) Importer(815301076,1909f56bfc062723c751e8b465ee728b)
Start importing Assets/Sprites/combat powder/Hurt0003.png using Guid(3fd50967d46f1c84e853f5ec48999844) Importer(815301076,1909f56bfc062723c751e8b465ee728b)  -> (artifact id: 'a9b22ea74a5843ae10d39e18bab369ef') in 0.012181 seconds 
========================================================================
Received Import Request.
  Time since last request: 0.000142 seconds.
  path: Assets/Sprites/combat spider/Hurt0004.png
  artifactKey: Guid(b746e697582fed64c8887b0f32db3a26) Importer(815301076,1909f56bfc062723c751e8b465ee728b)
Start importing Assets/Sprites/combat spider/Hurt0004.png using Guid(b746e697582fed64c8887b0f32db3a26) Importer(815301076,1909f56bfc062723c751e8b465ee728b)  -> (artifact id: 'f6fa94bad7cce9519a87f61c95d0b2fa') in 0.012394 seconds 
========================================================================
Received Import Request.
  Time since last request: 0.000154 seconds.
  path: Assets/Sprites/combat powder/Hurt0004.png
  artifactKey: Guid(ba6b2e2fa92f24f4fb799baa90eb95cb) Importer(815301076,1909f56bfc062723c751e8b465ee728b)
Start importing Assets/Sprites/combat powder/Hurt0004.png using Guid(ba6b2e2fa92f24f4fb799baa90eb95cb) Importer(815301076,1909f56bfc062723c751e8b465ee728b)  -> (artifact id: '56dfdcbf490c60da4098995f4372cfcc') in 0.014492 seconds 
========================================================================
Received Import Request.
  Time since last request: 0.910559 seconds.
  path: Assets/Sprites/combat powder/Hurt0002.png
  artifactKey: Guid(b73500356eec40849a6600b0bb8f6e6d) Importer(815301076,1909f56bfc062723c751e8b465ee728b)
Start importing Assets/Sprites/combat powder/Hurt0002.png using Guid(b73500356eec40849a6600b0bb8f6e6d) Importer(815301076,1909f56bfc062723c751e8b465ee728b)  -> (artifact id: 'd5ecd3320b81bb3070a6b2f2cc983ca5') in 0.012885 seconds 
========================================================================
Received Import Request.
  Time since last request: 0.000139 seconds.
  path: Assets/Sprites/combat crow/Hurt0003.png
  artifactKey: Guid(f8242af8e7d1a574ba45fa54560cff6d) Importer(815301076,1909f56bfc062723c751e8b465ee728b)
Start importing Assets/Sprites/combat crow/Hurt0003.png using Guid(f8242af8e7d1a574ba45fa54560cff6d) Importer(815301076,1909f56bfc062723c751e8b465ee728b)  -> (artifact id: '8f9694b1aa0b2409975ac90f833dea8b') in 0.012012 seconds 
========================================================================
Received Import Request.
  Time since last request: 0.000114 seconds.
  path: Assets/Sprites/combat spider/Hurt0003.png
  artifactKey: Guid(f4d0176c74737074bb62d2f64e55438c) Importer(815301076,1909f56bfc062723c751e8b465ee728b)
Start importing Assets/Sprites/combat spider/Hurt0003.png using Guid(f4d0176c74737074bb62d2f64e55438c) Importer(815301076,1909f56bfc062723c751e8b465ee728b)  -> (artifact id: '6eb3cee31edfa4cddc517c9948971746') in 0.014089 seconds 
========================================================================
Received Import Request.
  Time since last request: 1.185454 seconds.
  path: Assets/Sprites/combat crow/Hurt0002.png
  artifactKey: Guid(f8b13ef8adf78ed439269cc4a96e8fc7) Importer(815301076,1909f56bfc062723c751e8b465ee728b)
Start importing Assets/Sprites/combat crow/Hurt0002.png using Guid(f8b13ef8adf78ed439269cc4a96e8fc7) Importer(815301076,1909f56bfc062723c751e8b465ee728b)  -> (artifact id: '9786d9d6f34d6257ee86dc0f873ad333') in 0.014078 seconds 
========================================================================
Received Import Request.
  Time since last request: 122.192095 seconds.
  path: Assets/Sprites/combat crow/Fly0001.png
  artifactKey: Guid(aeb6a63127c35244a8861754db4b1fff) Importer(815301076,1909f56bfc062723c751e8b465ee728b)
Start importing Assets/Sprites/combat crow/Fly0001.png using Guid(aeb6a63127c35244a8861754db4b1fff) Importer(815301076,1909f56bfc062723c751e8b465ee728b)  -> (artifact id: '5d8d43b471e184a3f649ee25891e3cd2') in 0.011496 seconds 
========================================================================
Received Import Request.
  Time since last request: 0.000148 seconds.
  path: Assets/Sprites/combat crow/Fly0002.png
  artifactKey: Guid(804e1f71f2b23de4cb0450d2bd00fdfd) Importer(815301076,1909f56bfc062723c751e8b465ee728b)
Start importing Assets/Sprites/combat crow/Fly0002.png using Guid(804e1f71f2b23de4cb0450d2bd00fdfd) Importer(815301076,1909f56bfc062723c751e8b465ee728b)  -> (artifact id: '422a1ae7b9c992247c103915740297f9') in 0.011536 seconds 
========================================================================
Received Import Request.
  Time since last request: 0.000125 seconds.
  path: Assets/Sprites/combat crow/Fly0004.png
  artifactKey: Guid(9008a9a52c9382f42ba7443c57cf8881) Importer(815301076,1909f56bfc062723c751e8b465ee728b)
Start importing Assets/Sprites/combat crow/Fly0004.png using Guid(9008a9a52c9382f42ba7443c57cf8881) Importer(815301076,1909f56bfc062723c751e8b465ee728b)  -> (artifact id: '80d39a703f13134baa115dd9d2828385') in 0.011532 seconds 
========================================================================
Received Import Request.
  Time since last request: 0.000157 seconds.
  path: Assets/Sprites/combat crow/Fly0005.png
  artifactKey: Guid(cbeb0ad7fa52f6640a73bf300ce1150a) Importer(815301076,1909f56bfc062723c751e8b465ee728b)
Start importing Assets/Sprites/combat crow/Fly0005.png using Guid(cbeb0ad7fa52f6640a73bf300ce1150a) Importer(815301076,1909f56bfc062723c751e8b465ee728b)  -> (artifact id: 'e0127e59a2e80a955ecfc447a776e42c') in 0.012554 seconds 
========================================================================
Received Import Request.
  Time since last request: 0.000125 seconds.
  path: Assets/Sprites/combat crow/Fly0003.png
  artifactKey: Guid(41a015ca169797d4abeb2cc1e9531c53) Importer(815301076,1909f56bfc062723c751e8b465ee728b)
Start importing Assets/Sprites/combat crow/Fly0003.png using Guid(41a015ca169797d4abeb2cc1e9531c53) Importer(815301076,1909f56bfc062723c751e8b465ee728b)  -> (artifact id: 'bc9b3e64739a22709261f5b4b020643a') in 0.010844 seconds 
========================================================================
Received Import Request.
  Time since last request: 444.862379 seconds.
  path: Assets/Zeph/enemy health/0eh.png
  artifactKey: Guid(769f4f9b419a1534787c171a6fe89c31) Importer(815301076,1909f56bfc062723c751e8b465ee728b)
Start importing Assets/Zeph/enemy health/0eh.png using Guid(769f4f9b419a1534787c171a6fe89c31) Importer(815301076,1909f56bfc062723c751e8b465ee728b)  -> (artifact id: 'f6a3d7e0e069814fcf542c4e24c96036') in 0.012446 seconds 
========================================================================
Received Import Request.
  Time since last request: 0.000143 seconds.
  path: Assets/Zeph/2_Front.png
  artifactKey: Guid(32327aef07d2280469357fc17f460f14) Importer(815301076,1909f56bfc062723c751e8b465ee728b)
Start importing Assets/Zeph/2_Front.png using Guid(32327aef07d2280469357fc17f460f14) Importer(815301076,1909f56bfc062723c751e8b465ee728b)  -> (artifact id: 'fd622c9dda922e75fa160fb9a36020b7') in 0.015572 seconds 
========================================================================
Received Import Request.
  Time since last request: 0.000123 seconds.
  path: Assets/Zeph/enemy health/7eh.png
  artifactKey: Guid(ac480c4f3b82fc14386cfd46b6eec7d8) Importer(815301076,1909f56bfc062723c751e8b465ee728b)
Start importing Assets/Zeph/enemy health/7eh.png using Guid(ac480c4f3b82fc14386cfd46b6eec7d8) Importer(815301076,1909f56bfc062723c751e8b465ee728b)  -> (artifact id: '731f8a782bf2de1651dbf4f4760d634a') in 0.013068 seconds 
========================================================================
Received Import Request.
  Time since last request: 0.000172 seconds.
  path: Assets/Zeph/enemy health/3eh.png
  artifactKey: Guid(ee89d30421e368840ad6a870a8c39265) Importer(815301076,1909f56bfc062723c751e8b465ee728b)
Start importing Assets/Zeph/enemy health/3eh.png using Guid(ee89d30421e368840ad6a870a8c39265) Importer(815301076,1909f56bfc062723c751e8b465ee728b)  -> (artifact id: 'eda82c027e0524ce06f20f17c5ceffec') in 0.017226 seconds 
========================================================================
Received Import Request.
  Time since last request: 0.000103 seconds.
  path: Assets/Zeph/enemy health/4eh.png
  artifactKey: Guid(717596452ec232442bc26a3f86b04393) Importer(815301076,1909f56bfc062723c751e8b465ee728b)
Start importing Assets/Zeph/enemy health/4eh.png using Guid(717596452ec232442bc26a3f86b04393) Importer(815301076,1909f56bfc062723c751e8b465ee728b)  -> (artifact id: 'f2be1d59ae83a9da0f7e4927ee0cc093') in 0.026063 seconds 
========================================================================
Received Import Request.
  Time since last request: 0.000172 seconds.
  path: Assets/Zeph/enemy health/2eh.png
  artifactKey: Guid(269f4c6aad7ef4e438d6901d39a18a14) Importer(815301076,1909f56bfc062723c751e8b465ee728b)
Start importing Assets/Zeph/enemy health/2eh.png using Guid(269f4c6aad7ef4e438d6901d39a18a14) Importer(815301076,1909f56bfc062723c751e8b465ee728b)  -> (artifact id: 'a99e58b09cac7f9544f1c53070106a70') in 0.012299 seconds 
========================================================================
Received Import Request.
  Time since last request: 0.000168 seconds.
  path: Assets/Zeph/1_Back.png
  artifactKey: Guid(fb36fae66447e454f81e16106b8afec1) Importer(815301076,1909f56bfc062723c751e8b465ee728b)
Start importing Assets/Zeph/1_Back.png using Guid(fb36fae66447e454f81e16106b8afec1) Importer(815301076,1909f56bfc062723c751e8b465ee728b)  -> (artifact id: '6de600d201a9b49df2b4166e468016a3') in 0.013536 seconds 
========================================================================
Received Import Request.
  Time since last request: 0.000154 seconds.
  path: Assets/Zeph/enemy health/8eh.png
  artifactKey: Guid(a14a656fe4b384b4da53aa0d16e656ab) Importer(815301076,1909f56bfc062723c751e8b465ee728b)
Start importing Assets/Zeph/enemy health/8eh.png using Guid(a14a656fe4b384b4da53aa0d16e656ab) Importer(815301076,1909f56bfc062723c751e8b465ee728b)  -> (artifact id: '20e6b5936e22123ad84ca8c0e9908e7c') in 0.013292 seconds 
========================================================================
Received Import Request.
  Time since last request: 0.000170 seconds.
  path: Assets/Zeph/enemy health/6eh.png
  artifactKey: Guid(8d4f7f0a56075534aad8b22e4118e19f) Importer(815301076,1909f56bfc062723c751e8b465ee728b)
Start importing Assets/Zeph/enemy health/6eh.png using Guid(8d4f7f0a56075534aad8b22e4118e19f) Importer(815301076,1909f56bfc062723c751e8b465ee728b)  -> (artifact id: '0226da573c1c70da021fd06b460b0c91') in 0.015699 seconds 
========================================================================
Received Import Request.
  Time since last request: 0.000146 seconds.
  path: Assets/Zeph/enemy health/9eh.png
  artifactKey: Guid(745c793f38ee4234a9f222e6fc6ca4af) Importer(815301076,1909f56bfc062723c751e8b465ee728b)
Start importing Assets/Zeph/enemy health/9eh.png using Guid(745c793f38ee4234a9f222e6fc6ca4af) Importer(815301076,1909f56bfc062723c751e8b465ee728b)  -> (artifact id: 'f7a78d2f954799eabb33e0b4cf32d2c0') in 0.013348 seconds 
========================================================================
Received Import Request.
  Time since last request: 0.000135 seconds.
  path: Assets/Zeph/2_Back.png
  artifactKey: Guid(0a8292c01625381409e35ae45b8fe329) Importer(815301076,1909f56bfc062723c751e8b465ee728b)
Start importing Assets/Zeph/2_Back.png using Guid(0a8292c01625381409e35ae45b8fe329) Importer(815301076,1909f56bfc062723c751e8b465ee728b)  -> (artifact id: 'c3934b640b3582c2fbc857a08a65326f') in 0.029314 seconds 
========================================================================
Received Import Request.
  Time since last request: 0.000143 seconds.
  path: Assets/Zeph/enemy health/1eh.png
  artifactKey: Guid(d8d31e8da499b5f42b6194dde585234b) Importer(815301076,1909f56bfc062723c751e8b465ee728b)
Start importing Assets/Zeph/enemy health/1eh.png using Guid(d8d31e8da499b5f42b6194dde585234b) Importer(815301076,1909f56bfc062723c751e8b465ee728b)  -> (artifact id: 'b330b261c363f4420069b6cb593100a8') in 0.013859 seconds 
========================================================================
Received Import Request.
  Time since last request: 0.000145 seconds.
  path: Assets/Zeph/enemy health/10eh.png
  artifactKey: Guid(73a55b0e55f1dbe4b8ff253bf46f6f78) Importer(815301076,1909f56bfc062723c751e8b465ee728b)
Start importing Assets/Zeph/enemy health/10eh.png using Guid(73a55b0e55f1dbe4b8ff253bf46f6f78) Importer(815301076,1909f56bfc062723c751e8b465ee728b)  -> (artifact id: '683255d83fcd467637fd7c956fecf1e9') in 0.024403 seconds 
========================================================================
Received Import Request.
  Time since last request: 0.000147 seconds.
  path: Assets/Zeph/enemy health/5eh.png
  artifactKey: Guid(faacf85b2b05e434e9df420b07178d44) Importer(815301076,1909f56bfc062723c751e8b465ee728b)
Start importing Assets/Zeph/enemy health/5eh.png using Guid(faacf85b2b05e434e9df420b07178d44) Importer(815301076,1909f56bfc062723c751e8b465ee728b)  -> (artifact id: '82645f1002c7a894d8a1e01d44b85da4') in 0.013397 seconds 
========================================================================
Received Import Request.
  Time since last request: 0.000144 seconds.
  path: Assets/Zeph/1_Front.png
  artifactKey: Guid(c4e6411d8f1e03b4f992f1945bdf5c09) Importer(815301076,1909f56bfc062723c751e8b465ee728b)
Start importing Assets/Zeph/1_Front.png using Guid(c4e6411d8f1e03b4f992f1945bdf5c09) Importer(815301076,1909f56bfc062723c751e8b465ee728b)  -> (artifact id: '3a7c8deda067366411a6c9074b9e5240') in 0.011888 seconds 
========================================================================
Received Import Request.
  Time since last request: 101.015994 seconds.
  path: Assets/Animation/Player_idle.anim
  artifactKey: Guid(5cd7a337f1f3d92458a63e8700a06e88) Importer(815301076,1909f56bfc062723c751e8b465ee728b)
Start importing Assets/Animation/Player_idle.anim using Guid(5cd7a337f1f3d92458a63e8700a06e88) Importer(815301076,1909f56bfc062723c751e8b465ee728b)  -> (artifact id: '8576669bb3a075d9c313ac36bd9484cf') in 0.012583 seconds 
========================================================================
Received Prepare
Registering precompiled user dll's ...
Registered in 0.003588 seconds.
Begin MonoManager ReloadAssembly
Symbol file LoadedFromMemory doesn't match image C:\Users\jojoh\OneDrive\Desktop\Unlucky-Adventures\My project\Library\PackageCache\com.unity.collab-proxy@1.15.15\Lib\Editor\PlasticSCM\unityplastic.dll
Native extension for WindowsStandalone target not found
Refreshing native plugins compatible for Editor in 0.58 ms, found 3 plugins.
Preloading 0 native plugins for Editor in 0.00 ms.
Mono: successfully reloaded assembly
- Completed reload, in  0.866 seconds
Domain Reload Profiling:
	ReloadAssembly (867ms)
		BeginReloadAssembly (158ms)
			ExecutionOrderSort (0ms)
			DisableScriptedObjects (12ms)
			BackupInstance (0ms)
			ReleaseScriptingObjects (0ms)
			CreateAndSetChildDomain (66ms)
		EndReloadAssembly (656ms)
			LoadAssemblies (88ms)
			RebuildTransferFunctionScriptingTraits (0ms)
			SetupTypeCache (231ms)
			ReleaseScriptCaches (1ms)
			RebuildScriptCaches (35ms)
			SetupLoadedEditorAssemblies (222ms)
				LogAssemblyErrors (0ms)
				InitializePlatformSupportModulesInManaged (3ms)
				SetLoadedEditorAssemblies (1ms)
				RefreshPlugins (1ms)
				BeforeProcessingInitializeOnLoad (53ms)
				ProcessInitializeOnLoadAttributes (151ms)
				ProcessInitializeOnLoadMethodAttributes (9ms)
				AfterProcessingInitializeOnLoad (5ms)
				EditorAssembliesLoaded (0ms)
			ExecutionOrderSort2 (0ms)
			AwakeInstancesAfterBackupRestoration (7ms)
Platform modules already initialized, skipping
Switching build target platform(19) subTarget(0) extendedPlatform(0) -> platform(13) subTarget(537395200) extendedPlatform(0)
Refreshing native plugins compatible for Editor in 0.64 ms, found 3 plugins.
Preloading 0 native plugins for Editor in 0.00 ms.
Unloading 2310 Unused Serialized files (Serialized files now loaded: 0)
System memory in use before: 103.0 MB.
System memory in use after: 103.2 MB.

Unloading 27 unused Assets to reduce memory usage. Loaded Objects now: 2787.
Total: 2.737100 ms (FindLiveObjects: 0.191900 ms CreateObjectMapping: 0.055700 ms MarkObjects: 2.466800 ms  DeleteObjects: 0.021800 ms)

AssetImportParameters requested are different than current active one (requested -> active):
  custom:framework-win-MediaFoundation: 216162199b28c13a410421893ffa2e32 -> 
  custom:video-decoder-ogg-theora: a1e56fd34408186e4bbccfd4996cb3dc -> 
  custom:container-muxer-webm: aa71ff27fc2769a1b78a27578f13a17b -> 
  custom:container-demuxer-webm: 4f35f7cbe854078d1ac9338744f61a02 -> 
  custom:container-demuxer-ogg: 62fdf1f143b41e24485cea50d1cbac27 -> 
  custom:video-encoder-webm-vp8: eb34c28f22e8b96e1ab97ce403110664 -> 
  custom:video-decoder-webm-vp8: 9c59270c3fd7afecdb556c50c9e8de78 -> 
  custom:graphics/normal-map-encoding: 01000000000000000000000000000000 -> 02000000000000000000000000000000
  custom:audio-decoder-ogg-vorbis: bf7c407c2cedff20999df2af8eb42d56 -> 
  custom:audio-encoder-webm-vorbis: bf7c407c2cedff20999df2af8eb42d56 -> 
========================================================================
Received Import Request.
  Time since last request: 566.679853 seconds.
  path: Assets/Sprites/combat crow/Attack0001.png
  artifactKey: Guid(a13c6c1ea35763640b3f26ed5561fc09) Importer(815301076,1909f56bfc062723c751e8b465ee728b)
Start importing Assets/Sprites/combat crow/Attack0001.png using Guid(a13c6c1ea35763640b3f26ed5561fc09) Importer(815301076,1909f56bfc062723c751e8b465ee728b)  -> (artifact id: '7db5a9ebc42bc5d174c10805162b54ae') in 0.045484 seconds 
========================================================================
Received Import Request.
  Time since last request: 4.960920 seconds.
  path: Assets/Sprites/combat crow/Attack0002.png
  artifactKey: Guid(7e3ba0667ea25f44cbde0b689aafb187) Importer(815301076,1909f56bfc062723c751e8b465ee728b)
Start importing Assets/Sprites/combat crow/Attack0002.png using Guid(7e3ba0667ea25f44cbde0b689aafb187) Importer(815301076,1909f56bfc062723c751e8b465ee728b)  -> (artifact id: 'cb7b8093685feef88def5713e566b91a') in 0.012211 seconds 
========================================================================
Received Import Request.
  Time since last request: 0.865755 seconds.
  path: Assets/Sprites/combat crow/Attack0004.png
  artifactKey: Guid(786f462cc0bf95748923df5366229e70) Importer(815301076,1909f56bfc062723c751e8b465ee728b)
Start importing Assets/Sprites/combat crow/Attack0004.png using Guid(786f462cc0bf95748923df5366229e70) Importer(815301076,1909f56bfc062723c751e8b465ee728b)  -> (artifact id: '9d8aede2f8b8951aa63e27c36e01ae99') in 0.012405 seconds 
========================================================================
Received Import Request.
  Time since last request: 1.445525 seconds.
  path: Assets/Sprites/combat crow/Attack0006.png
  artifactKey: Guid(8b5a25fe1c5c742479502643cfc87af0) Importer(815301076,1909f56bfc062723c751e8b465ee728b)
Start importing Assets/Sprites/combat crow/Attack0006.png using Guid(8b5a25fe1c5c742479502643cfc87af0) Importer(815301076,1909f56bfc062723c751e8b465ee728b)  -> (artifact id: 'b38c02163d7601899d5f5df1c4f5a1f9') in 0.013467 seconds 
========================================================================
Received Import Request.
  Time since last request: 136.054214 seconds.
  path: Assets/Sprites/combat crow/Hurt0001.png
  artifactKey: Guid(2e459953c6baefa488b0d79e7c252699) Importer(815301076,1909f56bfc062723c751e8b465ee728b)
Start importing Assets/Sprites/combat crow/Hurt0001.png using Guid(2e459953c6baefa488b0d79e7c252699) Importer(815301076,1909f56bfc062723c751e8b465ee728b)  -> (artifact id: 'a62a6db2138284cdf134e17179994974') in 0.012239 seconds 
========================================================================
Received Import Request.
  Time since last request: 128.408856 seconds.
  path: Assets/Sprites/combat crow/Die0008 1.png
  artifactKey: Guid(fb1af343fd01ef74fbcb96b5dd8450ab) Importer(815301076,1909f56bfc062723c751e8b465ee728b)
Start importing Assets/Sprites/combat crow/Die0008 1.png using Guid(fb1af343fd01ef74fbcb96b5dd8450ab) Importer(815301076,1909f56bfc062723c751e8b465ee728b)  -> (artifact id: '4167dbbfe9882bdfba6a702f91d5f12a') in 0.030553 seconds 
========================================================================
Received Import Request.
  Time since last request: 5.342634 seconds.
  path: Assets/Sprites/combat crow/Die0007 1.png
  artifactKey: Guid(e8a6d9fb6a9035f4aac0b5f1f9b4cada) Importer(815301076,1909f56bfc062723c751e8b465ee728b)
Start importing Assets/Sprites/combat crow/Die0007 1.png using Guid(e8a6d9fb6a9035f4aac0b5f1f9b4cada) Importer(815301076,1909f56bfc062723c751e8b465ee728b)  -> (artifact id: '225b79c7d80b45a767fc569ca5de197c') in 0.019369 seconds 
========================================================================
Received Import Request.
  Time since last request: 2.374078 seconds.
  path: Assets/Sprites/combat crow/Die0006 1.png
  artifactKey: Guid(592969e8b2ed1ba47bb02ea0024afe0a) Importer(815301076,1909f56bfc062723c751e8b465ee728b)
Start importing Assets/Sprites/combat crow/Die0006 1.png using Guid(592969e8b2ed1ba47bb02ea0024afe0a) Importer(815301076,1909f56bfc062723c751e8b465ee728b)  -> (artifact id: '5d9fe109ce3ed14562f6543c02592a27') in 0.023251 seconds 
========================================================================
Received Import Request.
  Time since last request: 2.892214 seconds.
  path: Assets/Sprites/combat crow/Die0005 1.png
  artifactKey: Guid(7efe41af2ba69294f9b54511698a00cd) Importer(815301076,1909f56bfc062723c751e8b465ee728b)
Start importing Assets/Sprites/combat crow/Die0005 1.png using Guid(7efe41af2ba69294f9b54511698a00cd) Importer(815301076,1909f56bfc062723c751e8b465ee728b)  -> (artifact id: 'b99db427faeae45eed3308a3e218572b') in 0.017852 seconds 
========================================================================
Received Import Request.
  Time since last request: 2.979836 seconds.
  path: Assets/Sprites/combat crow/Die0004 1.png
  artifactKey: Guid(59c62ed03065a5849a1a6c1306bc4723) Importer(815301076,1909f56bfc062723c751e8b465ee728b)
Start importing Assets/Sprites/combat crow/Die0004 1.png using Guid(59c62ed03065a5849a1a6c1306bc4723) Importer(815301076,1909f56bfc062723c751e8b465ee728b)  -> (artifact id: '79c3c8c5fa03880e467401566ed1f718') in 0.018382 seconds 
========================================================================
Received Import Request.
  Time since last request: 2.525177 seconds.
  path: Assets/Sprites/combat crow/Die0003 1.png
  artifactKey: Guid(9c6ff95290280ec4587a503fbcd35fe8) Importer(815301076,1909f56bfc062723c751e8b465ee728b)
Start importing Assets/Sprites/combat crow/Die0003 1.png using Guid(9c6ff95290280ec4587a503fbcd35fe8) Importer(815301076,1909f56bfc062723c751e8b465ee728b)  -> (artifact id: '2feb785bcc64b362c99b239596e23204') in 0.020889 seconds 
========================================================================
Received Import Request.
  Time since last request: 2.469537 seconds.
  path: Assets/Sprites/combat crow/Die0002 1.png
  artifactKey: Guid(61649a9a12570f04dad45e0443d9f405) Importer(815301076,1909f56bfc062723c751e8b465ee728b)
Start importing Assets/Sprites/combat crow/Die0002 1.png using Guid(61649a9a12570f04dad45e0443d9f405) Importer(815301076,1909f56bfc062723c751e8b465ee728b)  -> (artifact id: '90349bdcd3e1278f9ec2a11c49089ec5') in 0.027806 seconds 
========================================================================
Received Import Request.
  Time since last request: 2.618520 seconds.
  path: Assets/Sprites/combat crow/Die0001 1.png
  artifactKey: Guid(9d4aabbcf931c20498a8349ae8904621) Importer(815301076,1909f56bfc062723c751e8b465ee728b)
Start importing Assets/Sprites/combat crow/Die0001 1.png using Guid(9d4aabbcf931c20498a8349ae8904621) Importer(815301076,1909f56bfc062723c751e8b465ee728b)  -> (artifact id: 'a370fe3355bcc5b4fd0b8cedde43fe74') in 0.018908 seconds 
========================================================================
Received Import Request.
  Time since last request: 5.820133 seconds.
  path: Assets/Sprites/combat crow/Die0005.png
  artifactKey: Guid(728d6cce1374c0b469357848f40672ad) Importer(815301076,1909f56bfc062723c751e8b465ee728b)
Start importing Assets/Sprites/combat crow/Die0005.png using Guid(728d6cce1374c0b469357848f40672ad) Importer(815301076,1909f56bfc062723c751e8b465ee728b)  -> (artifact id: '01cd32825d4f80c325cf4660e9e5e961') in 0.017915 seconds 
========================================================================
Received Import Request.
  Time since last request: 93.924887 seconds.
  path: Assets/Sprites/combat spider/Attack0001.png
  artifactKey: Guid(67efed6f6c702484cbda3c3bed9f3433) Importer(815301076,1909f56bfc062723c751e8b465ee728b)
Start importing Assets/Sprites/combat spider/Attack0001.png using Guid(67efed6f6c702484cbda3c3bed9f3433) Importer(815301076,1909f56bfc062723c751e8b465ee728b)  -> (artifact id: '2932235c6dec8c0c2d2cd3f9bfb1ee5c') in 0.010360 seconds 
========================================================================
Received Import Request.
  Time since last request: 2.847304 seconds.
  path: Assets/Sprites/combat spider/Attack0002.png
  artifactKey: Guid(175972519a15e514fa941fa6cdea57ad) Importer(815301076,1909f56bfc062723c751e8b465ee728b)
Start importing Assets/Sprites/combat spider/Attack0002.png using Guid(175972519a15e514fa941fa6cdea57ad) Importer(815301076,1909f56bfc062723c751e8b465ee728b)  -> (artifact id: '7cad60d4644073ab9c955400eeaa2e06') in 0.015388 seconds 
========================================================================
Received Import Request.
  Time since last request: 0.757978 seconds.
  path: Assets/Sprites/combat spider/Attack0004.png
  artifactKey: Guid(9391bc96f2ad4dc47ad9cd356b9c75f1) Importer(815301076,1909f56bfc062723c751e8b465ee728b)
Start importing Assets/Sprites/combat spider/Attack0004.png using Guid(9391bc96f2ad4dc47ad9cd356b9c75f1) Importer(815301076,1909f56bfc062723c751e8b465ee728b)  -> (artifact id: '37c813a5611d19f5183f9b8cc21ce9f6') in 0.016106 seconds 
========================================================================
Received Import Request.
  Time since last request: 114.795933 seconds.
  path: Assets/Sprites/combat spider/Die0001.png
  artifactKey: Guid(576030ca94bfed649ad10da69df3d932) Importer(815301076,1909f56bfc062723c751e8b465ee728b)
Start importing Assets/Sprites/combat spider/Die0001.png using Guid(576030ca94bfed649ad10da69df3d932) Importer(815301076,1909f56bfc062723c751e8b465ee728b)  -> (artifact id: '8d1a691432b0aa8e23d430dd911634e0') in 0.020133 seconds 
========================================================================
Received Import Request.
  Time since last request: 3.274038 seconds.
  path: Assets/Sprites/combat spider/Die0005.png
  artifactKey: Guid(2803ab1b9420c02479a96e883655d446) Importer(815301076,1909f56bfc062723c751e8b465ee728b)
Start importing Assets/Sprites/combat spider/Die0005.png using Guid(2803ab1b9420c02479a96e883655d446) Importer(815301076,1909f56bfc062723c751e8b465ee728b)  -> (artifact id: '08d11ebc9c491154443467c7db146c20') in 0.011806 seconds 
========================================================================
Received Import Request.
  Time since last request: 0.768091 seconds.
  path: Assets/Sprites/combat spider/Die0007.png
  artifactKey: Guid(492071822d1a70d4eb258dcf340e1e30) Importer(815301076,1909f56bfc062723c751e8b465ee728b)
Start importing Assets/Sprites/combat spider/Die0007.png using Guid(492071822d1a70d4eb258dcf340e1e30) Importer(815301076,1909f56bfc062723c751e8b465ee728b)  -> (artifact id: '76f74fcce50d1b17d0168cedc758cff3') in 0.010897 seconds 
========================================================================
Received Prepare
Registering precompiled user dll's ...
Registered in 0.002719 seconds.
Begin MonoManager ReloadAssembly
Symbol file LoadedFromMemory doesn't match image C:\Users\jojoh\OneDrive\Desktop\Unlucky-Adventures\My project\Library\PackageCache\com.unity.collab-proxy@1.15.15\Lib\Editor\PlasticSCM\unityplastic.dll
Native extension for WindowsStandalone target not found
Refreshing native plugins compatible for Editor in 0.56 ms, found 3 plugins.
Preloading 0 native plugins for Editor in 0.00 ms.
Mono: successfully reloaded assembly
- Completed reload, in  0.775 seconds
Domain Reload Profiling:
	ReloadAssembly (776ms)
		BeginReloadAssembly (95ms)
			ExecutionOrderSort (0ms)
			DisableScriptedObjects (4ms)
			BackupInstance (0ms)
			ReleaseScriptingObjects (0ms)
			CreateAndSetChildDomain (29ms)
		EndReloadAssembly (631ms)
			LoadAssemblies (77ms)
			RebuildTransferFunctionScriptingTraits (0ms)
			SetupTypeCache (217ms)
			ReleaseScriptCaches (1ms)
			RebuildScriptCaches (34ms)
			SetupLoadedEditorAssemblies (220ms)
				LogAssemblyErrors (0ms)
				InitializePlatformSupportModulesInManaged (3ms)
				SetLoadedEditorAssemblies (0ms)
				RefreshPlugins (1ms)
				BeforeProcessingInitializeOnLoad (52ms)
				ProcessInitializeOnLoadAttributes (150ms)
				ProcessInitializeOnLoadMethodAttributes (9ms)
				AfterProcessingInitializeOnLoad (5ms)
				EditorAssembliesLoaded (0ms)
			ExecutionOrderSort2 (0ms)
			AwakeInstancesAfterBackupRestoration (7ms)
Platform modules already initialized, skipping
Switching build target platform(19) subTarget(0) extendedPlatform(0) -> platform(13) subTarget(537395200) extendedPlatform(0)
Refreshing native plugins compatible for Editor in 0.57 ms, found 3 plugins.
Preloading 0 native plugins for Editor in 0.00 ms.
Unloading 2310 Unused Serialized files (Serialized files now loaded: 0)
System memory in use before: 103.1 MB.
System memory in use after: 103.3 MB.

Unloading 27 unused Assets to reduce memory usage. Loaded Objects now: 2791.
Total: 2.569600 ms (FindLiveObjects: 0.173200 ms CreateObjectMapping: 0.058600 ms MarkObjects: 2.311200 ms  DeleteObjects: 0.025800 ms)

AssetImportParameters requested are different than current active one (requested -> active):
  custom:framework-win-MediaFoundation: 216162199b28c13a410421893ffa2e32 -> 
  custom:video-decoder-ogg-theora: a1e56fd34408186e4bbccfd4996cb3dc -> 
  custom:container-muxer-webm: aa71ff27fc2769a1b78a27578f13a17b -> 
  custom:container-demuxer-webm: 4f35f7cbe854078d1ac9338744f61a02 -> 
  custom:container-demuxer-ogg: 62fdf1f143b41e24485cea50d1cbac27 -> 
  custom:video-encoder-webm-vp8: eb34c28f22e8b96e1ab97ce403110664 -> 
  custom:video-decoder-webm-vp8: 9c59270c3fd7afecdb556c50c9e8de78 -> 
  custom:graphics/normal-map-encoding: 01000000000000000000000000000000 -> 02000000000000000000000000000000
  custom:audio-decoder-ogg-vorbis: bf7c407c2cedff20999df2af8eb42d56 -> 
  custom:audio-encoder-webm-vorbis: bf7c407c2cedff20999df2af8eb42d56 -> 
========================================================================
Received Import Request.
  Time since last request: 206.920771 seconds.
  path: Assets/Sprites/combat powder/AttackA0001.png
  artifactKey: Guid(c71721750f0b37c4dab15153b42a5455) Importer(815301076,1909f56bfc062723c751e8b465ee728b)
Start importing Assets/Sprites/combat powder/AttackA0001.png using Guid(c71721750f0b37c4dab15153b42a5455) Importer(815301076,1909f56bfc062723c751e8b465ee728b)  -> (artifact id: 'd7456b4683f2e3bcefe5c7e2c39eae54') in 0.042615 seconds 
========================================================================
Received Import Request.
  Time since last request: 2.249053 seconds.
  path: Assets/Sprites/combat powder/AttackA0002.png
  artifactKey: Guid(df26764d402fef5418023e2e887b3286) Importer(815301076,1909f56bfc062723c751e8b465ee728b)
Start importing Assets/Sprites/combat powder/AttackA0002.png using Guid(df26764d402fef5418023e2e887b3286) Importer(815301076,1909f56bfc062723c751e8b465ee728b)  -> (artifact id: '67b6c9cadca5678d881e8f6d537968c7') in 0.024996 seconds 
========================================================================
Received Import Request.
  Time since last request: 236.535342 seconds.
  path: Assets/Sprites/combat powder/AttackB0001.png
  artifactKey: Guid(8b3564c3916b70a4e88d359c55894082) Importer(815301076,1909f56bfc062723c751e8b465ee728b)
Start importing Assets/Sprites/combat powder/AttackB0001.png using Guid(8b3564c3916b70a4e88d359c55894082) Importer(815301076,1909f56bfc062723c751e8b465ee728b)  -> (artifact id: '06ef64cac8b2396f3624cd6ff2a5ad42') in 0.017053 seconds 
========================================================================
Received Import Request.
  Time since last request: 2.402467 seconds.
  path: Assets/Sprites/combat powder/AttackB0002.png
  artifactKey: Guid(26a5bd878520b0d4fa54829e70cd56e9) Importer(815301076,1909f56bfc062723c751e8b465ee728b)
Start importing Assets/Sprites/combat powder/AttackB0002.png using Guid(26a5bd878520b0d4fa54829e70cd56e9) Importer(815301076,1909f56bfc062723c751e8b465ee728b)  -> (artifact id: '3a6f1ad8fca8d3673f7abf352e165d66') in 0.021953 seconds 
========================================================================
Received Import Request.
  Time since last request: 220.789771 seconds.
  path: Assets/Sprites/combat powder/Hurt0001.png
  artifactKey: Guid(eca35a897508ceb418bfbc15cc327d1f) Importer(815301076,1909f56bfc062723c751e8b465ee728b)
Start importing Assets/Sprites/combat powder/Hurt0001.png using Guid(eca35a897508ceb418bfbc15cc327d1f) Importer(815301076,1909f56bfc062723c751e8b465ee728b)  -> (artifact id: 'a4387551df4c2017f2cf10ce26def5cc') in 0.019169 seconds 
========================================================================
Received Import Request.
  Time since last request: 56.993103 seconds.
  path: Assets/Sprites/combat powder/Die0001.png
  artifactKey: Guid(a149ecca1a5604f45896f5d0e824a7e9) Importer(815301076,1909f56bfc062723c751e8b465ee728b)
Start importing Assets/Sprites/combat powder/Die0001.png using Guid(a149ecca1a5604f45896f5d0e824a7e9) Importer(815301076,1909f56bfc062723c751e8b465ee728b)  -> (artifact id: '7d8d357727b7836627a19ca2be5eb83b') in 0.009894 seconds 
========================================================================
Received Import Request.
  Time since last request: 6.028682 seconds.
  path: Assets/Sprites/combat powder/Die0011.png
  artifactKey: Guid(35f10e057411db34ab248340d0ded785) Importer(815301076,1909f56bfc062723c751e8b465ee728b)
Start importing Assets/Sprites/combat powder/Die0011.png using Guid(35f10e057411db34ab248340d0ded785) Importer(815301076,1909f56bfc062723c751e8b465ee728b)  -> (artifact id: '49e1d32528a8af7da123a7937503f89f') in 0.012244 seconds 
========================================================================
Received Prepare
Registering precompiled user dll's ...
Registered in 0.002958 seconds.
Begin MonoManager ReloadAssembly
Symbol file LoadedFromMemory doesn't match image C:\Users\jojoh\OneDrive\Desktop\Unlucky-Adventures\My project\Library\PackageCache\com.unity.collab-proxy@1.15.15\Lib\Editor\PlasticSCM\unityplastic.dll
Native extension for WindowsStandalone target not found
Refreshing native plugins compatible for Editor in 0.56 ms, found 3 plugins.
Preloading 0 native plugins for Editor in 0.00 ms.
Mono: successfully reloaded assembly
- Completed reload, in  0.794 seconds
Domain Reload Profiling:
	ReloadAssembly (794ms)
		BeginReloadAssembly (93ms)
			ExecutionOrderSort (0ms)
			DisableScriptedObjects (4ms)
			BackupInstance (0ms)
			ReleaseScriptingObjects (0ms)
			CreateAndSetChildDomain (28ms)
		EndReloadAssembly (651ms)
			LoadAssemblies (77ms)
			RebuildTransferFunctionScriptingTraits (0ms)
			SetupTypeCache (232ms)
			ReleaseScriptCaches (1ms)
			RebuildScriptCaches (34ms)
			SetupLoadedEditorAssemblies (219ms)
				LogAssemblyErrors (0ms)
				InitializePlatformSupportModulesInManaged (3ms)
				SetLoadedEditorAssemblies (0ms)
				RefreshPlugins (1ms)
				BeforeProcessingInitializeOnLoad (52ms)
				ProcessInitializeOnLoadAttributes (149ms)
				ProcessInitializeOnLoadMethodAttributes (9ms)
				AfterProcessingInitializeOnLoad (5ms)
				EditorAssembliesLoaded (0ms)
			ExecutionOrderSort2 (0ms)
			AwakeInstancesAfterBackupRestoration (7ms)
Platform modules already initialized, skipping
Switching build target platform(19) subTarget(0) extendedPlatform(0) -> platform(13) subTarget(537395200) extendedPlatform(0)
Refreshing native plugins compatible for Editor in 0.65 ms, found 3 plugins.
Preloading 0 native plugins for Editor in 0.00 ms.
Unloading 2310 Unused Serialized files (Serialized files now loaded: 0)
System memory in use before: 103.1 MB.
System memory in use after: 103.3 MB.

Unloading 27 unused Assets to reduce memory usage. Loaded Objects now: 2795.
Total: 2.870500 ms (FindLiveObjects: 0.196900 ms CreateObjectMapping: 0.057400 ms MarkObjects: 2.595700 ms  DeleteObjects: 0.019700 ms)

AssetImportParameters requested are different than current active one (requested -> active):
  custom:framework-win-MediaFoundation: 216162199b28c13a410421893ffa2e32 -> 
  custom:video-decoder-ogg-theora: a1e56fd34408186e4bbccfd4996cb3dc -> 
  custom:container-muxer-webm: aa71ff27fc2769a1b78a27578f13a17b -> 
  custom:container-demuxer-webm: 4f35f7cbe854078d1ac9338744f61a02 -> 
  custom:container-demuxer-ogg: 62fdf1f143b41e24485cea50d1cbac27 -> 
  custom:video-encoder-webm-vp8: eb34c28f22e8b96e1ab97ce403110664 -> 
  custom:video-decoder-webm-vp8: 9c59270c3fd7afecdb556c50c9e8de78 -> 
  custom:graphics/normal-map-encoding: 01000000000000000000000000000000 -> 02000000000000000000000000000000
  custom:audio-decoder-ogg-vorbis: bf7c407c2cedff20999df2af8eb42d56 -> 
  custom:audio-encoder-webm-vorbis: bf7c407c2cedff20999df2af8eb42d56 -> 
========================================================================
Received Import Request.
  Time since last request: 358.634039 seconds.
  path: Assets/Animation/Combat ui/basicattack.anim
  artifactKey: Guid(68d3e8595b2e93148b4129843ae3b705) Importer(815301076,1909f56bfc062723c751e8b465ee728b)
Start importing Assets/Animation/Combat ui/basicattack.anim using Guid(68d3e8595b2e93148b4129843ae3b705) Importer(815301076,1909f56bfc062723c751e8b465ee728b)  -> (artifact id: '9e579d4d93830c1e67f9f2eccc0d492d') in 0.014670 seconds 
========================================================================
Received Import Request.
  Time since last request: 0.774337 seconds.
  path: Assets/Animation/Combat ui/BasicAttackButton.controller
  artifactKey: Guid(6c587be734568e14a987da9289189169) Importer(815301076,1909f56bfc062723c751e8b465ee728b)
Start importing Assets/Animation/Combat ui/BasicAttackButton.controller using Guid(6c587be734568e14a987da9289189169) Importer(815301076,1909f56bfc062723c751e8b465ee728b)  -> (artifact id: 'ae3af3650cedc77b59b44340dff2f335') in 0.007850 seconds 
========================================================================
Received Prepare
Registering precompiled user dll's ...
Registered in 0.002439 seconds.
Begin MonoManager ReloadAssembly
Symbol file LoadedFromMemory doesn't match image C:\Users\jojoh\OneDrive\Desktop\Unlucky-Adventures\My project\Library\PackageCache\com.unity.collab-proxy@1.15.15\Lib\Editor\PlasticSCM\unityplastic.dll
Native extension for WindowsStandalone target not found
Refreshing native plugins compatible for Editor in 0.56 ms, found 3 plugins.
Preloading 0 native plugins for Editor in 0.00 ms.
Mono: successfully reloaded assembly
- Completed reload, in  0.779 seconds
Domain Reload Profiling:
	ReloadAssembly (779ms)
		BeginReloadAssembly (91ms)
			ExecutionOrderSort (0ms)
			DisableScriptedObjects (5ms)
			BackupInstance (0ms)
			ReleaseScriptingObjects (0ms)
			CreateAndSetChildDomain (27ms)
		EndReloadAssembly (638ms)
			LoadAssemblies (75ms)
			RebuildTransferFunctionScriptingTraits (0ms)
			SetupTypeCache (216ms)
			ReleaseScriptCaches (1ms)
			RebuildScriptCaches (34ms)
			SetupLoadedEditorAssemblies (218ms)
				LogAssemblyErrors (0ms)
				InitializePlatformSupportModulesInManaged (3ms)
				SetLoadedEditorAssemblies (0ms)
				RefreshPlugins (1ms)
				BeforeProcessingInitializeOnLoad (52ms)
				ProcessInitializeOnLoadAttributes (148ms)
				ProcessInitializeOnLoadMethodAttributes (9ms)
				AfterProcessingInitializeOnLoad (5ms)
				EditorAssembliesLoaded (0ms)
			ExecutionOrderSort2 (0ms)
			AwakeInstancesAfterBackupRestoration (7ms)
Platform modules already initialized, skipping
Switching build target platform(19) subTarget(0) extendedPlatform(0) -> platform(13) subTarget(537395200) extendedPlatform(0)
Refreshing native plugins compatible for Editor in 0.57 ms, found 3 plugins.
Preloading 0 native plugins for Editor in 0.00 ms.
Unloading 2310 Unused Serialized files (Serialized files now loaded: 0)
System memory in use before: 103.1 MB.
System memory in use after: 103.3 MB.

Unloading 27 unused Assets to reduce memory usage. Loaded Objects now: 2798.
Total: 2.610700 ms (FindLiveObjects: 0.176700 ms CreateObjectMapping: 0.056000 ms MarkObjects: 2.356000 ms  DeleteObjects: 0.021200 ms)

AssetImportParameters requested are different than current active one (requested -> active):
  custom:framework-win-MediaFoundation: 216162199b28c13a410421893ffa2e32 -> 
  custom:video-decoder-ogg-theora: a1e56fd34408186e4bbccfd4996cb3dc -> 
  custom:container-muxer-webm: aa71ff27fc2769a1b78a27578f13a17b -> 
  custom:container-demuxer-webm: 4f35f7cbe854078d1ac9338744f61a02 -> 
  custom:container-demuxer-ogg: 62fdf1f143b41e24485cea50d1cbac27 -> 
  custom:video-encoder-webm-vp8: eb34c28f22e8b96e1ab97ce403110664 -> 
  custom:video-decoder-webm-vp8: 9c59270c3fd7afecdb556c50c9e8de78 -> 
  custom:graphics/normal-map-encoding: 01000000000000000000000000000000 -> 02000000000000000000000000000000
  custom:audio-decoder-ogg-vorbis: bf7c407c2cedff20999df2af8eb42d56 -> 
  custom:audio-encoder-webm-vorbis: bf7c407c2cedff20999df2af8eb42d56 -> 
========================================================================
Received Import Request.
  Time since last request: 137.515200 seconds.
  path: Assets/Sprites/charged attack 1
  artifactKey: Guid(19bdc6c3b6704844ab26e9e1b4c8d536) Importer(815301076,1909f56bfc062723c751e8b465ee728b)
Start importing Assets/Sprites/charged attack 1 using Guid(19bdc6c3b6704844ab26e9e1b4c8d536) Importer(815301076,1909f56bfc062723c751e8b465ee728b)  -> (artifact id: 'fe7669a6db1c712104f6158e6b03664c') in 0.007061 seconds 
========================================================================
Received Import Request.
  Time since last request: 68.295899 seconds.
  path: Assets/Sprites/charged attack 1/options 5.png
  artifactKey: Guid(399f86a296f6125468ab73ab81c569ff) Importer(815301076,1909f56bfc062723c751e8b465ee728b)
Start importing Assets/Sprites/charged attack 1/options 5.png using Guid(399f86a296f6125468ab73ab81c569ff) Importer(815301076,1909f56bfc062723c751e8b465ee728b)  -> (artifact id: '9625f83df6d4cba16490dd0a4269a116') in 0.039402 seconds 
========================================================================
Received Import Request.
  Time since last request: 7.845936 seconds.
  path: Assets/Sprites/charged attack 1/options 1.png
  artifactKey: Guid(3e7b8bc0e8994244ea6b9cfade749820) Importer(815301076,1909f56bfc062723c751e8b465ee728b)
Start importing Assets/Sprites/charged attack 1/options 1.png using Guid(3e7b8bc0e8994244ea6b9cfade749820) Importer(815301076,1909f56bfc062723c751e8b465ee728b)  -> (artifact id: 'd60bfeb67bbb62e97a98f31fafdb27b0') in 0.014519 seconds 
========================================================================
Received Import Request.
  Time since last request: 20.363452 seconds.
  path: Assets/Sprites/charged attack 1/options 2.png
  artifactKey: Guid(7e28cdc92335e064abae82f6f95b0dfd) Importer(815301076,1909f56bfc062723c751e8b465ee728b)
Start importing Assets/Sprites/charged attack 1/options 2.png using Guid(7e28cdc92335e064abae82f6f95b0dfd) Importer(815301076,1909f56bfc062723c751e8b465ee728b)  -> (artifact id: 'fbfa4cce2e6ad85624ff57b3123beb4f') in 0.008536 seconds 
========================================================================
Received Import Request.
  Time since last request: 0.000120 seconds.
  path: Assets/Sprites/charged attack 1/options 3.png
  artifactKey: Guid(0200fc5954ef8a544a602b4c89d953f7) Importer(815301076,1909f56bfc062723c751e8b465ee728b)
Start importing Assets/Sprites/charged attack 1/options 3.png using Guid(0200fc5954ef8a544a602b4c89d953f7) Importer(815301076,1909f56bfc062723c751e8b465ee728b)  -> (artifact id: '04e966cceb7ca26f7ca50785c4c1e4e8') in 0.009952 seconds 
========================================================================
Received Import Request.
  Time since last request: 70.560465 seconds.
  path: Assets/Sprites/charged attack
  artifactKey: Guid(3aeb662679d9eee47aa00bbf3b7030e0) Importer(815301076,1909f56bfc062723c751e8b465ee728b)
Start importing Assets/Sprites/charged attack using Guid(3aeb662679d9eee47aa00bbf3b7030e0) Importer(815301076,1909f56bfc062723c751e8b465ee728b)  -> (artifact id: '45a74336de058fc479f4d083eea6bc53') in 0.005848 seconds 
========================================================================
Received Import Request.
  Time since last request: 40.381653 seconds.
  path: Assets/Sprites/charged attack 1/options 4.png
  artifactKey: Guid(399f86a296f6125468ab73ab81c569ff) Importer(815301076,1909f56bfc062723c751e8b465ee728b)
Start importing Assets/Sprites/charged attack 1/options 4.png using Guid(399f86a296f6125468ab73ab81c569ff) Importer(815301076,1909f56bfc062723c751e8b465ee728b)  -> (artifact id: 'c83a1b05987c96c0a93a99aea2e5c8a2') in 0.017865 seconds 
========================================================================
Received Import Request.
  Time since last request: 37.452291 seconds.
  path: Assets/Animation/Combat ui/Charge attack button.controller
  artifactKey: Guid(3a549d783b8feba4a90cd243e6fc06d1) Importer(815301076,1909f56bfc062723c751e8b465ee728b)
Start importing Assets/Animation/Combat ui/Charge attack button.controller using Guid(3a549d783b8feba4a90cd243e6fc06d1) Importer(815301076,1909f56bfc062723c751e8b465ee728b)  -> (artifact id: 'ec2951be110dfa8bc5e9043389dba475') in 0.006465 seconds 
========================================================================
Received Import Request.
  Time since last request: 2.219743 seconds.
  path: Assets/Animation/Combat ui/charge attack.anim
  artifactKey: Guid(1ed5259801392e84ba6f07d7c5b2ae72) Importer(815301076,1909f56bfc062723c751e8b465ee728b)
Start importing Assets/Animation/Combat ui/charge attack.anim using Guid(1ed5259801392e84ba6f07d7c5b2ae72) Importer(815301076,1909f56bfc062723c751e8b465ee728b)  -> (artifact id: '3803c5b9152602d61e4c09a2e170f7fe') in 0.005276 seconds 
========================================================================
Received Import Request.
  Time since last request: 6.483904 seconds.
  path: Assets/Animation/Combat ui/charge attack.anim
  artifactKey: Guid(1ed5259801392e84ba6f07d7c5b2ae72) Importer(815301076,1909f56bfc062723c751e8b465ee728b)
Start importing Assets/Animation/Combat ui/charge attack.anim using Guid(1ed5259801392e84ba6f07d7c5b2ae72) Importer(815301076,1909f56bfc062723c751e8b465ee728b)  -> (artifact id: '9bf6e63d394fc8a304b0823910ac537f') in 0.003355 seconds 
========================================================================
Received Prepare
Registering precompiled user dll's ...
Registered in 0.002429 seconds.
Begin MonoManager ReloadAssembly
Symbol file LoadedFromMemory doesn't match image C:\Users\jojoh\OneDrive\Desktop\Unlucky-Adventures\My project\Library\PackageCache\com.unity.collab-proxy@1.15.15\Lib\Editor\PlasticSCM\unityplastic.dll
Native extension for WindowsStandalone target not found
Refreshing native plugins compatible for Editor in 0.56 ms, found 3 plugins.
Preloading 0 native plugins for Editor in 0.00 ms.
Mono: successfully reloaded assembly
- Completed reload, in  0.794 seconds
Domain Reload Profiling:
	ReloadAssembly (794ms)
		BeginReloadAssembly (92ms)
			ExecutionOrderSort (0ms)
			DisableScriptedObjects (5ms)
			BackupInstance (0ms)
			ReleaseScriptingObjects (0ms)
			CreateAndSetChildDomain (27ms)
		EndReloadAssembly (652ms)
			LoadAssemblies (77ms)
			RebuildTransferFunctionScriptingTraits (0ms)
			SetupTypeCache (221ms)
			ReleaseScriptCaches (1ms)
			RebuildScriptCaches (34ms)
			SetupLoadedEditorAssemblies (220ms)
				LogAssemblyErrors (0ms)
				InitializePlatformSupportModulesInManaged (3ms)
				SetLoadedEditorAssemblies (0ms)
				RefreshPlugins (1ms)
				BeforeProcessingInitializeOnLoad (52ms)
				ProcessInitializeOnLoadAttributes (150ms)
				ProcessInitializeOnLoadMethodAttributes (9ms)
				AfterProcessingInitializeOnLoad (5ms)
				EditorAssembliesLoaded (0ms)
			ExecutionOrderSort2 (0ms)
			AwakeInstancesAfterBackupRestoration (7ms)
Platform modules already initialized, skipping
Switching build target platform(19) subTarget(0) extendedPlatform(0) -> platform(13) subTarget(537395200) extendedPlatform(0)
Refreshing native plugins compatible for Editor in 0.58 ms, found 3 plugins.
Preloading 0 native plugins for Editor in 0.00 ms.
Unloading 2310 Unused Serialized files (Serialized files now loaded: 0)
System memory in use before: 103.0 MB.
System memory in use after: 103.2 MB.

Unloading 27 unused Assets to reduce memory usage. Loaded Objects now: 2802.
Total: 2.872100 ms (FindLiveObjects: 0.180500 ms CreateObjectMapping: 0.055600 ms MarkObjects: 2.614500 ms  DeleteObjects: 0.020600 ms)

AssetImportParameters requested are different than current active one (requested -> active):
  custom:framework-win-MediaFoundation: 216162199b28c13a410421893ffa2e32 -> 
  custom:video-decoder-ogg-theora: a1e56fd34408186e4bbccfd4996cb3dc -> 
  custom:container-muxer-webm: aa71ff27fc2769a1b78a27578f13a17b -> 
  custom:container-demuxer-webm: 4f35f7cbe854078d1ac9338744f61a02 -> 
  custom:container-demuxer-ogg: 62fdf1f143b41e24485cea50d1cbac27 -> 
  custom:video-encoder-webm-vp8: eb34c28f22e8b96e1ab97ce403110664 -> 
  custom:video-decoder-webm-vp8: 9c59270c3fd7afecdb556c50c9e8de78 -> 
  custom:graphics/normal-map-encoding: 01000000000000000000000000000000 -> 02000000000000000000000000000000
  custom:audio-decoder-ogg-vorbis: bf7c407c2cedff20999df2af8eb42d56 -> 
  custom:audio-encoder-webm-vorbis: bf7c407c2cedff20999df2af8eb42d56 -> 
========================================================================
Received Import Request.
  Time since last request: 123.577126 seconds.
  path: Assets/Sprites/tension
  artifactKey: Guid(c5124294ebc44b54c87b6f91c561c81b) Importer(815301076,1909f56bfc062723c751e8b465ee728b)
Start importing Assets/Sprites/tension using Guid(c5124294ebc44b54c87b6f91c561c81b) Importer(815301076,1909f56bfc062723c751e8b465ee728b)  -> (artifact id: 'e0c354085fba1ec31089fff32171584f') in 0.007087 seconds 
========================================================================
Received Prepare
Registering precompiled user dll's ...
Registered in 0.002435 seconds.
Begin MonoManager ReloadAssembly
Symbol file LoadedFromMemory doesn't match image C:\Users\jojoh\OneDrive\Desktop\Unlucky-Adventures\My project\Library\PackageCache\com.unity.collab-proxy@1.15.15\Lib\Editor\PlasticSCM\unityplastic.dll
Native extension for WindowsStandalone target not found
Refreshing native plugins compatible for Editor in 0.56 ms, found 3 plugins.
Preloading 0 native plugins for Editor in 0.00 ms.
Mono: successfully reloaded assembly
- Completed reload, in  0.794 seconds
Domain Reload Profiling:
	ReloadAssembly (794ms)
		BeginReloadAssembly (92ms)
			ExecutionOrderSort (0ms)
			DisableScriptedObjects (5ms)
			BackupInstance (0ms)
			ReleaseScriptingObjects (0ms)
			CreateAndSetChildDomain (27ms)
		EndReloadAssembly (653ms)
			LoadAssemblies (76ms)
			RebuildTransferFunctionScriptingTraits (0ms)
			SetupTypeCache (214ms)
			ReleaseScriptCaches (1ms)
			RebuildScriptCaches (34ms)
			SetupLoadedEditorAssemblies (219ms)
				LogAssemblyErrors (0ms)
				InitializePlatformSupportModulesInManaged (3ms)
				SetLoadedEditorAssemblies (0ms)
				RefreshPlugins (1ms)
				BeforeProcessingInitializeOnLoad (52ms)
				ProcessInitializeOnLoadAttributes (150ms)
				ProcessInitializeOnLoadMethodAttributes (9ms)
				AfterProcessingInitializeOnLoad (5ms)
				EditorAssembliesLoaded (0ms)
			ExecutionOrderSort2 (0ms)
			AwakeInstancesAfterBackupRestoration (7ms)
Platform modules already initialized, skipping
Switching build target platform(19) subTarget(0) extendedPlatform(0) -> platform(13) subTarget(537395200) extendedPlatform(0)
Refreshing native plugins compatible for Editor in 0.57 ms, found 3 plugins.
Preloading 0 native plugins for Editor in 0.00 ms.
Unloading 2310 Unused Serialized files (Serialized files now loaded: 0)
System memory in use before: 103.1 MB.
System memory in use after: 103.4 MB.

Unloading 27 unused Assets to reduce memory usage. Loaded Objects now: 2805.
Total: 2.733900 ms (FindLiveObjects: 0.208500 ms CreateObjectMapping: 0.063300 ms MarkObjects: 2.438800 ms  DeleteObjects: 0.022200 ms)

AssetImportParameters requested are different than current active one (requested -> active):
  custom:framework-win-MediaFoundation: 216162199b28c13a410421893ffa2e32 -> 
  custom:video-decoder-ogg-theora: a1e56fd34408186e4bbccfd4996cb3dc -> 
  custom:container-muxer-webm: aa71ff27fc2769a1b78a27578f13a17b -> 
  custom:container-demuxer-webm: 4f35f7cbe854078d1ac9338744f61a02 -> 
  custom:container-demuxer-ogg: 62fdf1f143b41e24485cea50d1cbac27 -> 
  custom:video-encoder-webm-vp8: eb34c28f22e8b96e1ab97ce403110664 -> 
  custom:video-decoder-webm-vp8: 9c59270c3fd7afecdb556c50c9e8de78 -> 
  custom:graphics/normal-map-encoding: 01000000000000000000000000000000 -> 02000000000000000000000000000000
  custom:audio-decoder-ogg-vorbis: bf7c407c2cedff20999df2af8eb42d56 -> 
  custom:audio-encoder-webm-vorbis: bf7c407c2cedff20999df2af8eb42d56 -> 
AssetImportWorkerClient::OnTransportError - code=2 error=End of file
